#
# There is insufficient memory for the Java Runtime Environment to continue.
# Native memory allocation (malloc) failed to allocate 719856 bytes for Chunk::new
# Possible reasons:
#   The system is out of physical RAM or swap space
#   The process is running with CompressedOops enabled, and the Java Heap may be blocking the growth of the native heap
# Possible solutions:
#   Reduce memory load on the system
#   Increase physical memory or swap space
#   Check if swap backing store is full
#   Decrease Java heap size (-Xmx/-Xms)
#   Decrease number of Java threads
#   Decrease Java thread stack sizes (-Xss)
#   Set larger code cache with -XX:ReservedCodeCacheSize=
#   JVM is running with Unscaled Compressed Oops mode in which the Java heap is
#     placed in the first 4GB address space. The Java Heap base address is the
#     maximum limit for the native heap growth. Please use -XX:HeapBaseMinAddress
#     to set the Java Heap base and to place the Java Heap above 4GB virtual address.
# This output file may be truncated or incomplete.
#
#  Out of Memory Error (arena.cpp:189), pid=12612, tid=3852
#
# JRE version: Java(TM) SE Runtime Environment (17.0.9+11) (build 17.0.9+11-LTS-201)
# Java VM: Java HotSpot(TM) 64-Bit Server VM (17.0.9+11-LTS-201, mixed mode, sharing, tiered, compressed oops, compressed class ptrs, g1 gc, windows-amd64)
# No core dump will be written. Minidumps are not enabled by default on client versions of Windows
#

---------------  S U M M A R Y ------------

Command Line: -ea -Didea.test.cyclic.buffer.size=1048576 -javaagent:C:\Program Files\JetBrains\IntelliJ IDEA 2023.3\lib\idea_rt.jar=62818:C:\Program Files\JetBrains\IntelliJ IDEA 2023.3\bin -Dfile.encoding=UTF-8 com.intellij.rt.junit.JUnitStarter -ideVersion5 @w@C:\Users\HP\AppData\Local\Temp\idea_working_dirs_junit.tmp @C:\Users\HP\AppData\Local\Temp\idea_junit.tmp -socket62817

Host: Intel(R) Core(TM) i5-6300U CPU @ 2.40GHz, 4 cores, 7G,  Windows 10 , 64 bit Build 19041 (10.0.19041.3636)
Time: Sun Dec 31 00:16:04 2023 Morocco Daylight Time elapsed time: 4.035599 seconds (0d 0h 0m 4s)

---------------  T H R E A D  ---------------

Current thread (0x0000017173322920):  JavaThread "C2 CompilerThread1" daemon [_thread_in_native, id=3852, stack(0x0000004330400000,0x0000004330500000)]


Current CompileTask:
C2:   4035 1576       4       jdk.internal.loader.URLClassPath::getResource (74 bytes)

Stack: [0x0000004330400000,0x0000004330500000]
Native frames: (J=compiled Java code, j=interpreted, Vv=VM code, C=native code)
V  [jvm.dll+0x678a4a]
V  [jvm.dll+0x7d9cfd]
V  [jvm.dll+0x7db60e]
V  [jvm.dll+0x7dbc73]
V  [jvm.dll+0x245e1f]
V  [jvm.dll+0xaaafb]
V  [jvm.dll+0xab09c]
V  [jvm.dll+0x36232f]
V  [jvm.dll+0x32ca01]
V  [jvm.dll+0x32be9a]
V  [jvm.dll+0x21812f]
V  [jvm.dll+0x217561]
V  [jvm.dll+0x1a3bc0]
V  [jvm.dll+0x2272de]
V  [jvm.dll+0x22548b]
V  [jvm.dll+0x78f58c]
V  [jvm.dll+0x78998a]
V  [jvm.dll+0x677875]
C  [ucrtbase.dll+0x21bb2]
C  [KERNEL32.DLL+0x17344]
C  [ntdll.dll+0x526b1]


---------------  P R O C E S S  ---------------

Threads class SMR info:
_java_thread_list=0x0000017173dac9c0, length=15, elements={
0x000001710ff3f200, 0x000001712d793430, 0x000001712d7942b0, 0x000001712d7a2140,
0x000001712d7a2c10, 0x000001712d7a59f0, 0x000001712d7a63b0, 0x000001712d7a70a0,
0x000001712d801700, 0x000001712d938070, 0x000001712d9ae4d0, 0x000001712da3c840,
0x000001712da3cd20, 0x0000017173322920, 0x0000017173a82110
}

Java Threads: ( => current thread )
  0x000001710ff3f200 JavaThread "main" [_thread_in_vm, id=3836, stack(0x000000432ef00000,0x000000432f000000)]
  0x000001712d793430 JavaThread "Reference Handler" daemon [_thread_blocked, id=9296, stack(0x000000432f600000,0x000000432f700000)]
  0x000001712d7942b0 JavaThread "Finalizer" daemon [_thread_blocked, id=6996, stack(0x000000432f700000,0x000000432f800000)]
  0x000001712d7a2140 JavaThread "Signal Dispatcher" daemon [_thread_blocked, id=11536, stack(0x000000432f800000,0x000000432f900000)]
  0x000001712d7a2c10 JavaThread "Attach Listener" daemon [_thread_blocked, id=5272, stack(0x000000432f900000,0x000000432fa00000)]
  0x000001712d7a59f0 JavaThread "Service Thread" daemon [_thread_blocked, id=9196, stack(0x000000432fa00000,0x000000432fb00000)]
  0x000001712d7a63b0 JavaThread "Monitor Deflation Thread" daemon [_thread_blocked, id=10592, stack(0x000000432fb00000,0x000000432fc00000)]
  0x000001712d7a70a0 JavaThread "C2 CompilerThread0" daemon [_thread_in_native, id=1036, stack(0x000000432fc00000,0x000000432fd00000)]
  0x000001712d801700 JavaThread "C1 CompilerThread0" daemon [_thread_blocked, id=520, stack(0x000000432fd00000,0x000000432fe00000)]
  0x000001712d938070 JavaThread "Sweeper thread" daemon [_thread_blocked, id=2904, stack(0x000000432fe00000,0x000000432ff00000)]
  0x000001712d9ae4d0 JavaThread "Common-Cleaner" daemon [_thread_blocked, id=7492, stack(0x000000432ff00000,0x0000004330000000)]
  0x000001712da3c840 JavaThread "Monitor Ctrl-Break" daemon [_thread_in_native, id=11548, stack(0x0000004330000000,0x0000004330100000)]
  0x000001712da3cd20 JavaThread "Notification Thread" daemon [_thread_blocked, id=12168, stack(0x0000004330100000,0x0000004330200000)]
=>0x0000017173322920 JavaThread "C2 CompilerThread1" daemon [_thread_in_native, id=3852, stack(0x0000004330400000,0x0000004330500000)]
  0x0000017173a82110 JavaThread "background-preinit" [_thread_in_vm, id=9280, stack(0x0000004330800000,0x0000004330900000)]

Other Threads:
  0x000001712d78df60 VMThread "VM Thread" [stack: 0x000000432f500000,0x000000432f600000] [id=8792]
  0x000001712da41b20 WatcherThread [stack: 0x0000004330200000,0x0000004330300000] [id=10224]
  0x000001710ff9b1d0 GCTaskThread "GC Thread#0" [stack: 0x000000432f000000,0x000000432f100000] [id=4272]
  0x0000017174401cd0 GCTaskThread "GC Thread#1" [stack: 0x0000004330300000,0x0000004330400000] [id=9856]
  0x0000017173f75d00 GCTaskThread "GC Thread#2" [stack: 0x0000004330500000,0x0000004330600000] [id=9312]
  0x0000017173784400 GCTaskThread "GC Thread#3" [stack: 0x0000004330600000,0x0000004330700000] [id=3064]
  0x000001710ffabd60 ConcurrentGCThread "G1 Main Marker" [stack: 0x000000432f100000,0x000000432f200000] [id=8920]
  0x000001710ffac770 ConcurrentGCThread "G1 Conc#0" [stack: 0x000000432f200000,0x000000432f300000] [id=13040]
  0x0000017110007810 ConcurrentGCThread "G1 Refine#0" [stack: 0x000000432f300000,0x000000432f400000] [id=8232]
  0x0000017173b08aa0 ConcurrentGCThread "G1 Refine#1" [stack: 0x0000004330700000,0x0000004330800000] [id=10064]
  0x000001712d6503f0 ConcurrentGCThread "G1 Service" [stack: 0x000000432f400000,0x000000432f500000] [id=2144]

Threads with active compile tasks:
C2 CompilerThread0     4111 1537       4       jdk.internal.org.objectweb.asm.Frame::execute (2305 bytes)
C2 CompilerThread1     4111 1576       4       jdk.internal.loader.URLClassPath::getResource (74 bytes)

VM state: not at safepoint (normal execution)

VM Mutex/Monitor currently owned by a thread:  ([mutex/lock_event])
[0x000001710ff2e1a0] Metaspace_lock - owner thread: 0x000001710ff3f200

Heap address: 0x0000000081e00000, size: 2018 MB, Compressed Oops mode: 32-bit

CDS archive(s) mapped at: [0x000001712e000000-0x000001712ebd0000-0x000001712ebd0000), size 12386304, SharedBaseAddress: 0x000001712e000000, ArchiveRelocationMode: 1.
Compressed class space mapped at: 0x000001712f000000-0x000001716f000000, reserved size: 1073741824
Narrow klass base: 0x000001712e000000, Narrow klass shift: 0, Narrow klass range: 0x100000000

GC Precious Log:
 CPUs: 4 total, 4 available
 Memory: 8071M
 Large Page Support: Disabled
 NUMA Support: Disabled
 Compressed Oops: Enabled (32-bit)
 Heap Region Size: 1M
 Heap Min Capacity: 8M
 Heap Initial Capacity: 128M
 Heap Max Capacity: 2018M
 Pre-touch: Disabled
 Parallel Workers: 4
 Concurrent Workers: 1
 Concurrent Refinement Workers: 4
 Periodic GC: Disabled

Heap:
 garbage-first heap   total 131072K, used 10389K [0x0000000081e00000, 0x0000000100000000)
  region size 1024K, 4 young (4096K), 2 survivors (2048K)
 Metaspace       used 11009K, committed 11200K, reserved 1114112K
  class space    used 1418K, committed 1536K, reserved 1048576K

Heap Regions: E=young(eden), S=young(survivor), O=old, HS=humongous(starts), HC=humongous(continues), CS=collection set, F=free, OA=open archive, CA=closed archive, TAMS=top-at-mark-start (previous, next)
|   0|0x0000000081e00000, 0x0000000081f00000, 0x0000000081f00000|100%|HS|  |TAMS 0x0000000081e00000, 0x0000000081e00000| Complete 
|   1|0x0000000081f00000, 0x0000000082000000, 0x0000000082000000|100%| O|  |TAMS 0x0000000081f00000, 0x0000000081f00000| Untracked 
|   2|0x0000000082000000, 0x0000000082100000, 0x0000000082100000|100%| O|  |TAMS 0x0000000082000000, 0x0000000082000000| Untracked 
|   3|0x0000000082100000, 0x0000000082200000, 0x0000000082200000|100%| O|  |TAMS 0x0000000082100000, 0x0000000082100000| Untracked 
|   4|0x0000000082200000, 0x0000000082300000, 0x0000000082300000|100%| O|  |TAMS 0x0000000082200000, 0x0000000082200000| Untracked 
|   5|0x0000000082300000, 0x0000000082400000, 0x0000000082400000|100%| O|  |TAMS 0x0000000082300000, 0x0000000082300000| Untracked 
|   6|0x0000000082400000, 0x0000000082500000, 0x0000000082500000|100%| O|  |TAMS 0x0000000082400000, 0x0000000082400000| Untracked 
|   7|0x0000000082500000, 0x0000000082530c00, 0x0000000082600000| 19%| O|  |TAMS 0x0000000082500000, 0x0000000082500000| Untracked 
|   8|0x0000000082600000, 0x0000000082600000, 0x0000000082700000|  0%| F|  |TAMS 0x0000000082600000, 0x0000000082600000| Untracked 
|   9|0x0000000082700000, 0x0000000082700000, 0x0000000082800000|  0%| F|  |TAMS 0x0000000082700000, 0x0000000082700000| Untracked 
|  10|0x0000000082800000, 0x0000000082800000, 0x0000000082900000|  0%| F|  |TAMS 0x0000000082800000, 0x0000000082800000| Untracked 
|  11|0x0000000082900000, 0x0000000082900000, 0x0000000082a00000|  0%| F|  |TAMS 0x0000000082900000, 0x0000000082900000| Untracked 
|  12|0x0000000082a00000, 0x0000000082a00000, 0x0000000082b00000|  0%| F|  |TAMS 0x0000000082a00000, 0x0000000082a00000| Untracked 
|  13|0x0000000082b00000, 0x0000000082b00000, 0x0000000082c00000|  0%| F|  |TAMS 0x0000000082b00000, 0x0000000082b00000| Untracked 
|  14|0x0000000082c00000, 0x0000000082c00000, 0x0000000082d00000|  0%| F|  |TAMS 0x0000000082c00000, 0x0000000082c00000| Untracked 
|  15|0x0000000082d00000, 0x0000000082d00000, 0x0000000082e00000|  0%| F|  |TAMS 0x0000000082d00000, 0x0000000082d00000| Untracked 
|  16|0x0000000082e00000, 0x0000000082e00000, 0x0000000082f00000|  0%| F|  |TAMS 0x0000000082e00000, 0x0000000082e00000| Untracked 
|  17|0x0000000082f00000, 0x0000000082f00000, 0x0000000083000000|  0%| F|  |TAMS 0x0000000082f00000, 0x0000000082f00000| Untracked 
|  18|0x0000000083000000, 0x0000000083000000, 0x0000000083100000|  0%| F|  |TAMS 0x0000000083000000, 0x0000000083000000| Untracked 
|  19|0x0000000083100000, 0x0000000083100000, 0x0000000083200000|  0%| F|  |TAMS 0x0000000083100000, 0x0000000083100000| Untracked 
|  20|0x0000000083200000, 0x0000000083200000, 0x0000000083300000|  0%| F|  |TAMS 0x0000000083200000, 0x0000000083200000| Untracked 
|  21|0x0000000083300000, 0x0000000083300000, 0x0000000083400000|  0%| F|  |TAMS 0x0000000083300000, 0x0000000083300000| Untracked 
|  22|0x0000000083400000, 0x0000000083400000, 0x0000000083500000|  0%| F|  |TAMS 0x0000000083400000, 0x0000000083400000| Untracked 
|  23|0x0000000083500000, 0x0000000083500000, 0x0000000083600000|  0%| F|  |TAMS 0x0000000083500000, 0x0000000083500000| Untracked 
|  24|0x0000000083600000, 0x0000000083600000, 0x0000000083700000|  0%| F|  |TAMS 0x0000000083600000, 0x0000000083600000| Untracked 
|  25|0x0000000083700000, 0x0000000083700000, 0x0000000083800000|  0%| F|  |TAMS 0x0000000083700000, 0x0000000083700000| Untracked 
|  26|0x0000000083800000, 0x0000000083800000, 0x0000000083900000|  0%| F|  |TAMS 0x0000000083800000, 0x0000000083800000| Untracked 
|  27|0x0000000083900000, 0x0000000083900000, 0x0000000083a00000|  0%| F|  |TAMS 0x0000000083900000, 0x0000000083900000| Untracked 
|  28|0x0000000083a00000, 0x0000000083a00000, 0x0000000083b00000|  0%| F|  |TAMS 0x0000000083a00000, 0x0000000083a00000| Untracked 
|  29|0x0000000083b00000, 0x0000000083b00000, 0x0000000083c00000|  0%| F|  |TAMS 0x0000000083b00000, 0x0000000083b00000| Untracked 
|  30|0x0000000083c00000, 0x0000000083c00000, 0x0000000083d00000|  0%| F|  |TAMS 0x0000000083c00000, 0x0000000083c00000| Untracked 
|  31|0x0000000083d00000, 0x0000000083d00000, 0x0000000083e00000|  0%| F|  |TAMS 0x0000000083d00000, 0x0000000083d00000| Untracked 
|  32|0x0000000083e00000, 0x0000000083e00000, 0x0000000083f00000|  0%| F|  |TAMS 0x0000000083e00000, 0x0000000083e00000| Untracked 
|  33|0x0000000083f00000, 0x0000000083f00000, 0x0000000084000000|  0%| F|  |TAMS 0x0000000083f00000, 0x0000000083f00000| Untracked 
|  34|0x0000000084000000, 0x0000000084000000, 0x0000000084100000|  0%| F|  |TAMS 0x0000000084000000, 0x0000000084000000| Untracked 
|  35|0x0000000084100000, 0x0000000084100000, 0x0000000084200000|  0%| F|  |TAMS 0x0000000084100000, 0x0000000084100000| Untracked 
|  36|0x0000000084200000, 0x0000000084200000, 0x0000000084300000|  0%| F|  |TAMS 0x0000000084200000, 0x0000000084200000| Untracked 
|  37|0x0000000084300000, 0x0000000084300000, 0x0000000084400000|  0%| F|  |TAMS 0x0000000084300000, 0x0000000084300000| Untracked 
|  38|0x0000000084400000, 0x0000000084400000, 0x0000000084500000|  0%| F|  |TAMS 0x0000000084400000, 0x0000000084400000| Untracked 
|  39|0x0000000084500000, 0x0000000084500000, 0x0000000084600000|  0%| F|  |TAMS 0x0000000084500000, 0x0000000084500000| Untracked 
|  40|0x0000000084600000, 0x0000000084600000, 0x0000000084700000|  0%| F|  |TAMS 0x0000000084600000, 0x0000000084600000| Untracked 
|  41|0x0000000084700000, 0x0000000084700000, 0x0000000084800000|  0%| F|  |TAMS 0x0000000084700000, 0x0000000084700000| Untracked 
|  42|0x0000000084800000, 0x0000000084800000, 0x0000000084900000|  0%| F|  |TAMS 0x0000000084800000, 0x0000000084800000| Untracked 
|  43|0x0000000084900000, 0x0000000084900000, 0x0000000084a00000|  0%| F|  |TAMS 0x0000000084900000, 0x0000000084900000| Untracked 
|  44|0x0000000084a00000, 0x0000000084a00000, 0x0000000084b00000|  0%| F|  |TAMS 0x0000000084a00000, 0x0000000084a00000| Untracked 
|  45|0x0000000084b00000, 0x0000000084b00000, 0x0000000084c00000|  0%| F|  |TAMS 0x0000000084b00000, 0x0000000084b00000| Untracked 
|  46|0x0000000084c00000, 0x0000000084c00000, 0x0000000084d00000|  0%| F|  |TAMS 0x0000000084c00000, 0x0000000084c00000| Untracked 
|  47|0x0000000084d00000, 0x0000000084d00000, 0x0000000084e00000|  0%| F|  |TAMS 0x0000000084d00000, 0x0000000084d00000| Untracked 
|  48|0x0000000084e00000, 0x0000000084e00000, 0x0000000084f00000|  0%| F|  |TAMS 0x0000000084e00000, 0x0000000084e00000| Untracked 
|  49|0x0000000084f00000, 0x0000000084f00000, 0x0000000085000000|  0%| F|  |TAMS 0x0000000084f00000, 0x0000000084f00000| Untracked 
|  50|0x0000000085000000, 0x0000000085000000, 0x0000000085100000|  0%| F|  |TAMS 0x0000000085000000, 0x0000000085000000| Untracked 
|  51|0x0000000085100000, 0x0000000085100000, 0x0000000085200000|  0%| F|  |TAMS 0x0000000085100000, 0x0000000085100000| Untracked 
|  52|0x0000000085200000, 0x0000000085200000, 0x0000000085300000|  0%| F|  |TAMS 0x0000000085200000, 0x0000000085200000| Untracked 
|  53|0x0000000085300000, 0x0000000085300000, 0x0000000085400000|  0%| F|  |TAMS 0x0000000085300000, 0x0000000085300000| Untracked 
|  54|0x0000000085400000, 0x0000000085400000, 0x0000000085500000|  0%| F|  |TAMS 0x0000000085400000, 0x0000000085400000| Untracked 
|  55|0x0000000085500000, 0x0000000085500000, 0x0000000085600000|  0%| F|  |TAMS 0x0000000085500000, 0x0000000085500000| Untracked 
|  56|0x0000000085600000, 0x0000000085600000, 0x0000000085700000|  0%| F|  |TAMS 0x0000000085600000, 0x0000000085600000| Untracked 
|  57|0x0000000085700000, 0x0000000085700000, 0x0000000085800000|  0%| F|  |TAMS 0x0000000085700000, 0x0000000085700000| Untracked 
|  58|0x0000000085800000, 0x0000000085800000, 0x0000000085900000|  0%| F|  |TAMS 0x0000000085800000, 0x0000000085800000| Untracked 
|  59|0x0000000085900000, 0x0000000085900000, 0x0000000085a00000|  0%| F|  |TAMS 0x0000000085900000, 0x0000000085900000| Untracked 
|  60|0x0000000085a00000, 0x0000000085a00000, 0x0000000085b00000|  0%| F|  |TAMS 0x0000000085a00000, 0x0000000085a00000| Untracked 
|  61|0x0000000085b00000, 0x0000000085b00000, 0x0000000085c00000|  0%| F|  |TAMS 0x0000000085b00000, 0x0000000085b00000| Untracked 
|  62|0x0000000085c00000, 0x0000000085c00000, 0x0000000085d00000|  0%| F|  |TAMS 0x0000000085c00000, 0x0000000085c00000| Untracked 
|  63|0x0000000085d00000, 0x0000000085d00000, 0x0000000085e00000|  0%| F|  |TAMS 0x0000000085d00000, 0x0000000085d00000| Untracked 
|  64|0x0000000085e00000, 0x0000000085e00000, 0x0000000085f00000|  0%| F|  |TAMS 0x0000000085e00000, 0x0000000085e00000| Untracked 
|  65|0x0000000085f00000, 0x0000000085f00000, 0x0000000086000000|  0%| F|  |TAMS 0x0000000085f00000, 0x0000000085f00000| Untracked 
|  66|0x0000000086000000, 0x0000000086000000, 0x0000000086100000|  0%| F|  |TAMS 0x0000000086000000, 0x0000000086000000| Untracked 
|  67|0x0000000086100000, 0x0000000086100000, 0x0000000086200000|  0%| F|  |TAMS 0x0000000086100000, 0x0000000086100000| Untracked 
|  68|0x0000000086200000, 0x0000000086200000, 0x0000000086300000|  0%| F|  |TAMS 0x0000000086200000, 0x0000000086200000| Untracked 
|  69|0x0000000086300000, 0x0000000086300000, 0x0000000086400000|  0%| F|  |TAMS 0x0000000086300000, 0x0000000086300000| Untracked 
|  70|0x0000000086400000, 0x0000000086400000, 0x0000000086500000|  0%| F|  |TAMS 0x0000000086400000, 0x0000000086400000| Untracked 
|  71|0x0000000086500000, 0x0000000086500000, 0x0000000086600000|  0%| F|  |TAMS 0x0000000086500000, 0x0000000086500000| Untracked 
|  72|0x0000000086600000, 0x0000000086600000, 0x0000000086700000|  0%| F|  |TAMS 0x0000000086600000, 0x0000000086600000| Untracked 
|  73|0x0000000086700000, 0x0000000086700000, 0x0000000086800000|  0%| F|  |TAMS 0x0000000086700000, 0x0000000086700000| Untracked 
|  74|0x0000000086800000, 0x0000000086800000, 0x0000000086900000|  0%| F|  |TAMS 0x0000000086800000, 0x0000000086800000| Untracked 
|  75|0x0000000086900000, 0x0000000086900000, 0x0000000086a00000|  0%| F|  |TAMS 0x0000000086900000, 0x0000000086900000| Untracked 
|  76|0x0000000086a00000, 0x0000000086a00000, 0x0000000086b00000|  0%| F|  |TAMS 0x0000000086a00000, 0x0000000086a00000| Untracked 
|  77|0x0000000086b00000, 0x0000000086b00000, 0x0000000086c00000|  0%| F|  |TAMS 0x0000000086b00000, 0x0000000086b00000| Untracked 
|  78|0x0000000086c00000, 0x0000000086c00000, 0x0000000086d00000|  0%| F|  |TAMS 0x0000000086c00000, 0x0000000086c00000| Untracked 
|  79|0x0000000086d00000, 0x0000000086d00000, 0x0000000086e00000|  0%| F|  |TAMS 0x0000000086d00000, 0x0000000086d00000| Untracked 
|  80|0x0000000086e00000, 0x0000000086e00000, 0x0000000086f00000|  0%| F|  |TAMS 0x0000000086e00000, 0x0000000086e00000| Untracked 
|  81|0x0000000086f00000, 0x0000000086f00000, 0x0000000087000000|  0%| F|  |TAMS 0x0000000086f00000, 0x0000000086f00000| Untracked 
|  82|0x0000000087000000, 0x0000000087000000, 0x0000000087100000|  0%| F|  |TAMS 0x0000000087000000, 0x0000000087000000| Untracked 
|  83|0x0000000087100000, 0x0000000087100000, 0x0000000087200000|  0%| F|  |TAMS 0x0000000087100000, 0x0000000087100000| Untracked 
|  84|0x0000000087200000, 0x0000000087200000, 0x0000000087300000|  0%| F|  |TAMS 0x0000000087200000, 0x0000000087200000| Untracked 
|  85|0x0000000087300000, 0x0000000087300000, 0x0000000087400000|  0%| F|  |TAMS 0x0000000087300000, 0x0000000087300000| Untracked 
|  86|0x0000000087400000, 0x0000000087400000, 0x0000000087500000|  0%| F|  |TAMS 0x0000000087400000, 0x0000000087400000| Untracked 
|  87|0x0000000087500000, 0x0000000087500000, 0x0000000087600000|  0%| F|  |TAMS 0x0000000087500000, 0x0000000087500000| Untracked 
|  88|0x0000000087600000, 0x0000000087600000, 0x0000000087700000|  0%| F|  |TAMS 0x0000000087600000, 0x0000000087600000| Untracked 
|  89|0x0000000087700000, 0x0000000087700000, 0x0000000087800000|  0%| F|  |TAMS 0x0000000087700000, 0x0000000087700000| Untracked 
|  90|0x0000000087800000, 0x0000000087800000, 0x0000000087900000|  0%| F|  |TAMS 0x0000000087800000, 0x0000000087800000| Untracked 
|  91|0x0000000087900000, 0x0000000087900000, 0x0000000087a00000|  0%| F|  |TAMS 0x0000000087900000, 0x0000000087900000| Untracked 
|  92|0x0000000087a00000, 0x0000000087a00000, 0x0000000087b00000|  0%| F|  |TAMS 0x0000000087a00000, 0x0000000087a00000| Untracked 
|  93|0x0000000087b00000, 0x0000000087b00000, 0x0000000087c00000|  0%| F|  |TAMS 0x0000000087b00000, 0x0000000087b00000| Untracked 
|  94|0x0000000087c00000, 0x0000000087c00000, 0x0000000087d00000|  0%| F|  |TAMS 0x0000000087c00000, 0x0000000087c00000| Untracked 
|  95|0x0000000087d00000, 0x0000000087d00000, 0x0000000087e00000|  0%| F|  |TAMS 0x0000000087d00000, 0x0000000087d00000| Untracked 
|  96|0x0000000087e00000, 0x0000000087e00000, 0x0000000087f00000|  0%| F|  |TAMS 0x0000000087e00000, 0x0000000087e00000| Untracked 
|  97|0x0000000087f00000, 0x0000000087f00000, 0x0000000088000000|  0%| F|  |TAMS 0x0000000087f00000, 0x0000000087f00000| Untracked 
|  98|0x0000000088000000, 0x0000000088000000, 0x0000000088100000|  0%| F|  |TAMS 0x0000000088000000, 0x0000000088000000| Untracked 
|  99|0x0000000088100000, 0x0000000088100000, 0x0000000088200000|  0%| F|  |TAMS 0x0000000088100000, 0x0000000088100000| Untracked 
| 100|0x0000000088200000, 0x0000000088200000, 0x0000000088300000|  0%| F|  |TAMS 0x0000000088200000, 0x0000000088200000| Untracked 
| 101|0x0000000088300000, 0x0000000088300000, 0x0000000088400000|  0%| F|  |TAMS 0x0000000088300000, 0x0000000088300000| Untracked 
| 102|0x0000000088400000, 0x0000000088400000, 0x0000000088500000|  0%| F|  |TAMS 0x0000000088400000, 0x0000000088400000| Untracked 
| 103|0x0000000088500000, 0x00000000885f4a00, 0x0000000088600000| 95%| S|CS|TAMS 0x0000000088500000, 0x0000000088500000| Complete 
| 104|0x0000000088600000, 0x0000000088700000, 0x0000000088700000|100%| S|CS|TAMS 0x0000000088600000, 0x0000000088600000| Complete 
| 105|0x0000000088700000, 0x0000000088700000, 0x0000000088800000|  0%| F|  |TAMS 0x0000000088700000, 0x0000000088700000| Untracked 
| 106|0x0000000088800000, 0x0000000088800000, 0x0000000088900000|  0%| F|  |TAMS 0x0000000088800000, 0x0000000088800000| Untracked 
| 107|0x0000000088900000, 0x0000000088900000, 0x0000000088a00000|  0%| F|  |TAMS 0x0000000088900000, 0x0000000088900000| Untracked 
| 108|0x0000000088a00000, 0x0000000088a00000, 0x0000000088b00000|  0%| F|  |TAMS 0x0000000088a00000, 0x0000000088a00000| Untracked 
| 109|0x0000000088b00000, 0x0000000088b00000, 0x0000000088c00000|  0%| F|  |TAMS 0x0000000088b00000, 0x0000000088b00000| Untracked 
| 110|0x0000000088c00000, 0x0000000088c00000, 0x0000000088d00000|  0%| F|  |TAMS 0x0000000088c00000, 0x0000000088c00000| Untracked 
| 111|0x0000000088d00000, 0x0000000088d00000, 0x0000000088e00000|  0%| F|  |TAMS 0x0000000088d00000, 0x0000000088d00000| Untracked 
| 112|0x0000000088e00000, 0x0000000088e00000, 0x0000000088f00000|  0%| F|  |TAMS 0x0000000088e00000, 0x0000000088e00000| Untracked 
| 113|0x0000000088f00000, 0x0000000088f00000, 0x0000000089000000|  0%| F|  |TAMS 0x0000000088f00000, 0x0000000088f00000| Untracked 
| 114|0x0000000089000000, 0x0000000089000000, 0x0000000089100000|  0%| F|  |TAMS 0x0000000089000000, 0x0000000089000000| Untracked 
| 115|0x0000000089100000, 0x0000000089100000, 0x0000000089200000|  0%| F|  |TAMS 0x0000000089100000, 0x0000000089100000| Untracked 
| 116|0x0000000089200000, 0x0000000089200000, 0x0000000089300000|  0%| F|  |TAMS 0x0000000089200000, 0x0000000089200000| Untracked 
| 117|0x0000000089300000, 0x0000000089300000, 0x0000000089400000|  0%| F|  |TAMS 0x0000000089300000, 0x0000000089300000| Untracked 
| 118|0x0000000089400000, 0x0000000089400000, 0x0000000089500000|  0%| F|  |TAMS 0x0000000089400000, 0x0000000089400000| Untracked 
| 119|0x0000000089500000, 0x0000000089500000, 0x0000000089600000|  0%| F|  |TAMS 0x0000000089500000, 0x0000000089500000| Untracked 
| 120|0x0000000089600000, 0x0000000089600000, 0x0000000089700000|  0%| F|  |TAMS 0x0000000089600000, 0x0000000089600000| Untracked 
| 121|0x0000000089700000, 0x0000000089700000, 0x0000000089800000|  0%| F|  |TAMS 0x0000000089700000, 0x0000000089700000| Untracked 
| 122|0x0000000089800000, 0x0000000089800000, 0x0000000089900000|  0%| F|  |TAMS 0x0000000089800000, 0x0000000089800000| Untracked 
| 123|0x0000000089900000, 0x0000000089900000, 0x0000000089a00000|  0%| F|  |TAMS 0x0000000089900000, 0x0000000089900000| Untracked 
| 124|0x0000000089a00000, 0x0000000089a00000, 0x0000000089b00000|  0%| F|  |TAMS 0x0000000089a00000, 0x0000000089a00000| Untracked 
| 125|0x0000000089b00000, 0x0000000089b00000, 0x0000000089c00000|  0%| F|  |TAMS 0x0000000089b00000, 0x0000000089b00000| Untracked 
| 126|0x0000000089c00000, 0x0000000089d00000, 0x0000000089d00000|100%| E|  |TAMS 0x0000000089c00000, 0x0000000089c00000| Complete 
| 127|0x0000000089d00000, 0x0000000089e00000, 0x0000000089e00000|100%| E|CS|TAMS 0x0000000089d00000, 0x0000000089d00000| Complete 

Card table byte_map: [0x0000017126be0000,0x0000017126fe0000] _byte_map_base: 0x00000171267d1000

Marking Bits (Prev, Next): (CMBitMap*) 0x000001710ff9b7f0, (CMBitMap*) 0x000001710ff9b830
 Prev Bits: [0x00000171273e0000, 0x0000017129368000)
 Next Bits: [0x0000017129370000, 0x000001712b2f8000)

Polling page: 0x000001710e0e0000

Metaspace:

Usage:
  Non-class:      9.37 MB used.
      Class:      1.39 MB used.
       Both:     10.75 MB used.

Virtual space:
  Non-class space:       64.00 MB reserved,       9.44 MB ( 15%) committed,  1 nodes.
      Class space:        1.00 GB reserved,       1.50 MB ( <1%) committed,  1 nodes.
             Both:        1.06 GB reserved,      10.94 MB (  1%) committed. 

Chunk freelists:
   Non-Class:  6.42 MB
       Class:  14.48 MB
        Both:  20.91 MB

MaxMetaspaceSize: unlimited
CompressedClassSpaceSize: 1.00 GB
Initial GC threshold: 21.00 MB
Current GC threshold: 21.00 MB
CDS: on
MetaspaceReclaimPolicy: balanced
 - commit_granule_bytes: 65536.
 - commit_granule_words: 8192.
 - virtual_space_node_default_size: 8388608.
 - enlarge_chunks_in_place: 1.
 - new_chunks_are_fully_committed: 0.
 - uncommit_free_chunks: 1.
 - use_allocation_guard: 0.
 - handle_deallocations: 1.


Internal statistics:

num_allocs_failed_limit: 0.
num_arena_births: 108.
num_arena_deaths: 0.
num_vsnodes_births: 2.
num_vsnodes_deaths: 0.
num_space_committed: 175.
num_space_uncommitted: 0.
num_chunks_returned_to_freelist: 0.
num_chunks_taken_from_freelist: 451.
num_chunk_merges: 0.
num_chunk_splits: 287.
num_chunks_enlarged: 212.
num_inconsistent_stats: 0.

CodeHeap 'non-profiled nmethods': size=120000Kb used=771Kb max_used=771Kb free=119228Kb
 bounds [0x000001711f2b0000, 0x000001711f520000, 0x00000171267e0000]
CodeHeap 'profiled nmethods': size=120000Kb used=3047Kb max_used=3047Kb free=116952Kb
 bounds [0x00000171177e0000, 0x0000017117ae0000, 0x000001711ed10000]
CodeHeap 'non-nmethods': size=5760Kb used=1167Kb max_used=1224Kb free=4592Kb
 bounds [0x000001711ed10000, 0x000001711ef80000, 0x000001711f2b0000]
 total_blobs=2132 nmethods=1670 adapters=375
 compilation: enabled
              stopped_count=0, restarted_count=0
 full_count=0

Compilation events (20 events):
Event: 3.965 Thread 0x000001712d801700 1667       3       sun.reflect.generics.parser.SignatureParser::parseTypeArgument (135 bytes)
Event: 3.969 Thread 0x000001712d801700 nmethod 1667 0x0000017117acd010 code [0x0000017117acd340, 0x0000017117aceb48]
Event: 3.979 Thread 0x000001712d801700 1669       3       java.lang.ref.Reference::enqueueFromPending (19 bytes)
Event: 3.980 Thread 0x000001712d801700 nmethod 1669 0x0000017117acf110 code [0x0000017117acf2c0, 0x0000017117acf4e8]
Event: 3.980 Thread 0x000001712d801700 1670   !   3       java.lang.ref.ReferenceQueue::enqueue (119 bytes)
Event: 3.981 Thread 0x000001712d801700 nmethod 1670 0x0000017117acf590 code [0x0000017117acf780, 0x0000017117acfe48]
Event: 3.981 Thread 0x000001712d801700 1671       3       java.lang.ref.ReferenceQueue::reallyPoll (65 bytes)
Event: 3.982 Thread 0x000001712d801700 nmethod 1671 0x0000017117ad0010 code [0x0000017117ad01e0, 0x0000017117ad0718]
Event: 3.989 Thread 0x000001712d801700 1672   !   3       java.net.URL::<init> (543 bytes)
Event: 4.000 Thread 0x000001712d801700 nmethod 1672 0x0000017117ad0810 code [0x0000017117ad0e80, 0x0000017117ad4788]
Event: 4.010 Thread 0x000001712d801700 1673       1       org.springframework.boot.context.properties.source.ConfigurationPropertyName$Elements::getSource (5 bytes)
Event: 4.010 Thread 0x000001712d801700 nmethod 1673 0x000001711f370990 code [0x000001711f370b20, 0x000001711f370bf8]
Event: 4.011 Thread 0x000001712d801700 1674       3       java.lang.StringLatin1::toUpperCase (186 bytes)
Event: 4.014 Thread 0x000001712d801700 nmethod 1674 0x0000017117ad6690 code [0x0000017117ad6900, 0x0000017117ad7458]
Event: 4.017 Thread 0x000001712d801700 1675       1       sun.reflect.generics.tree.ClassSignature::getSuperInterfaces (5 bytes)
Event: 4.018 Thread 0x000001712d801700 nmethod 1675 0x000001711f370c90 code [0x000001711f370e20, 0x000001711f370ef8]
Event: 4.018 Thread 0x000001712d801700 1676       3       java.nio.ByteBuffer::position (6 bytes)
Event: 4.018 Thread 0x000001712d801700 nmethod 1676 0x0000017117ad7890 code [0x0000017117ad7a40, 0x0000017117ad7c08]
Event: 4.025 Thread 0x000001712d801700 1677       3       java.lang.ModuleLayer::boot (4 bytes)
Event: 4.025 Thread 0x000001712d801700 nmethod 1677 0x0000017117ad7c90 code [0x0000017117ad7e20, 0x0000017117ad7f18]

GC Heap History (6 events):
Event: 1.708 GC heap before
{Heap before GC invocations=0 (full 0):
 garbage-first heap   total 131072K, used 13312K [0x0000000081e00000, 0x0000000100000000)
  region size 1024K, 13 young (13312K), 0 survivors (0K)
 Metaspace       used 3391K, committed 3584K, reserved 1114112K
  class space    used 358K, committed 448K, reserved 1048576K
}
Event: 1.722 GC heap after
{Heap after GC invocations=1 (full 0):
 garbage-first heap   total 131072K, used 7189K [0x0000000081e00000, 0x0000000100000000)
  region size 1024K, 2 young (2048K), 2 survivors (2048K)
 Metaspace       used 3391K, committed 3584K, reserved 1114112K
  class space    used 358K, committed 448K, reserved 1048576K
}
Event: 2.239 GC heap before
{Heap before GC invocations=1 (full 0):
 garbage-first heap   total 131072K, used 13333K [0x0000000081e00000, 0x0000000100000000)
  region size 1024K, 8 young (8192K), 2 survivors (2048K)
 Metaspace       used 4957K, committed 5056K, reserved 1114112K
  class space    used 546K, committed 576K, reserved 1048576K
}
Event: 2.245 GC heap after
{Heap after GC invocations=2 (full 0):
 garbage-first heap   total 131072K, used 7890K [0x0000000081e00000, 0x0000000100000000)
  region size 1024K, 1 young (1024K), 1 survivors (1024K)
 Metaspace       used 4957K, committed 5056K, reserved 1114112K
  class space    used 546K, committed 576K, reserved 1048576K
}
Event: 3.969 GC heap before
{Heap before GC invocations=2 (full 0):
 garbage-first heap   total 131072K, used 29394K [0x0000000081e00000, 0x0000000100000000)
  region size 1024K, 23 young (23552K), 1 survivors (1024K)
 Metaspace       used 10736K, committed 10944K, reserved 1114112K
  class space    used 1374K, committed 1472K, reserved 1048576K
}
Event: 3.979 GC heap after
{Heap after GC invocations=3 (full 0):
 garbage-first heap   total 131072K, used 9365K [0x0000000081e00000, 0x0000000100000000)
  region size 1024K, 2 young (2048K), 2 survivors (2048K)
 Metaspace       used 10736K, committed 10944K, reserved 1114112K
  class space    used 1374K, committed 1472K, reserved 1048576K
}

Deoptimization events (20 events):
Event: 3.733 Thread 0x0000017173a82110 DEOPT PACKING pc=0x00000171178c457d sp=0x00000043308fdda0
Event: 3.733 Thread 0x0000017173a82110 DEOPT UNPACKING pc=0x000001711ed62b43 sp=0x00000043308fd228 mode 0
Event: 3.787 Thread 0x0000017173a82110 Uncommon trap: trap_request=0xffffff45 fr.pc=0x000001711f3164b4 relative=0x0000000000001214
Event: 3.787 Thread 0x0000017173a82110 Uncommon trap: reason=unstable_if action=reinterpret pc=0x000001711f3164b4 method=java.util.concurrent.ConcurrentHashMap.addCount(JI)V @ 171 c2
Event: 3.787 Thread 0x0000017173a82110 DEOPT PACKING pc=0x000001711f3164b4 sp=0x00000043308fce20
Event: 3.787 Thread 0x0000017173a82110 DEOPT UNPACKING pc=0x000001711ed623a3 sp=0x00000043308fccf0 mode 2
Event: 3.787 Thread 0x0000017173a82110 Uncommon trap: trap_request=0xffffff45 fr.pc=0x000001711f349474 relative=0x0000000000001494
Event: 3.787 Thread 0x0000017173a82110 Uncommon trap: reason=unstable_if action=reinterpret pc=0x000001711f349474 method=java.util.concurrent.ConcurrentHashMap.transfer([Ljava/util/concurrent/ConcurrentHashMap$Node;[Ljava/util/concurrent/ConcurrentHashMap$Node;)V @ 34 c2
Event: 3.787 Thread 0x0000017173a82110 DEOPT PACKING pc=0x000001711f349474 sp=0x00000043308fcc00
Event: 3.787 Thread 0x0000017173a82110 DEOPT UNPACKING pc=0x000001711ed623a3 sp=0x00000043308fcbb0 mode 2
Event: 3.787 Thread 0x000001710ff3f200 Uncommon trap: trap_request=0xffffff45 fr.pc=0x000001711f349578 relative=0x0000000000001598
Event: 3.787 Thread 0x000001710ff3f200 Uncommon trap: reason=unstable_if action=reinterpret pc=0x000001711f349578 method=java.util.concurrent.ConcurrentHashMap.transfer([Ljava/util/concurrent/ConcurrentHashMap$Node;[Ljava/util/concurrent/ConcurrentHashMap$Node;)V @ 273 c2
Event: 3.787 Thread 0x000001710ff3f200 DEOPT PACKING pc=0x000001711f349578 sp=0x000000432effc680
Event: 3.788 Thread 0x000001710ff3f200 DEOPT UNPACKING pc=0x000001711ed623a3 sp=0x000000432effc610 mode 2
Event: 3.909 Thread 0x000001710ff3f200 DEOPT PACKING pc=0x00000171178c457d sp=0x000000432effc2f0
Event: 3.909 Thread 0x000001710ff3f200 DEOPT UNPACKING pc=0x000001711ed62b43 sp=0x000000432effb778 mode 0
Event: 3.983 Thread 0x000001710ff3f200 Uncommon trap: trap_request=0xffffff45 fr.pc=0x000001711f36d568 relative=0x0000000000001a88
Event: 3.983 Thread 0x000001710ff3f200 Uncommon trap: reason=unstable_if action=reinterpret pc=0x000001711f36d568 method=java.net.URL.<init>(Ljava/net/URL;Ljava/lang/String;Ljava/net/URLStreamHandler;)V @ 347 c2
Event: 3.983 Thread 0x000001710ff3f200 DEOPT PACKING pc=0x000001711f36d568 sp=0x000000432effdd40
Event: 3.983 Thread 0x000001710ff3f200 DEOPT UNPACKING pc=0x000001711ed623a3 sp=0x000000432effdd00 mode 2

Classes unloaded (0 events):
No events

Classes redefined (0 events):
No events

Internal exceptions (20 events):
Event: 1.628 Thread 0x000001710ff3f200 Exception <a 'java/lang/NoSuchMethodError'{0x000000008912ec78}: 'int java.lang.invoke.DirectMethodHandle$Holder.invokeStaticInit(java.lang.Object, java.lang.Object)'> (0x000000008912ec78) 
thrown [s\open\src\hotspot\share\interpreter\linkResolver.cpp, line 759]
Event: 1.693 Thread 0x000001710ff3f200 Exception <a 'java/lang/NoSuchMethodError'{0x00000000891dee40}: 'java.lang.Object java.lang.invoke.DirectMethodHandle$Holder.invokeInterface(java.lang.Object, java.lang.Object)'> (0x00000000891dee40) 
thrown [s\open\src\hotspot\share\interpreter\linkResolver.cpp, line 759]
Event: 1.694 Thread 0x000001710ff3f200 Exception <a 'java/lang/IncompatibleClassChangeError'{0x00000000891e2638}: Found class java.lang.Object, but interface was expected> (0x00000000891e2638) 
thrown [s\open\src\hotspot\share\interpreter\linkResolver.cpp, line 826]
Event: 1.749 Thread 0x000001710ff3f200 Exception <a 'java/lang/NoSuchMethodError'{0x0000000089d3baf8}: 'java.lang.Object java.lang.invoke.DirectMethodHandle$Holder.newInvokeSpecial(java.lang.Object, java.lang.Object, java.lang.Object, java.lang.Object, java.lang.Object)'> (0x0000000089d3baf8) 
thrown [s\open\src\hotspot\share\interpreter\linkResolver.cpp, line 759]
Event: 1.786 Thread 0x000001710ff3f200 Exception <a 'java/lang/NoSuchMethodError'{0x0000000089dbe590}: 'org.slf4j.impl.StaticMDCBinder org.slf4j.impl.StaticMDCBinder.getSingleton()'> (0x0000000089dbe590) 
thrown [s\open\src\hotspot\share\interpreter\linkResolver.cpp, line 759]
Event: 2.048 Thread 0x000001710ff3f200 Exception <a 'java/lang/NoSuchMethodError'{0x000000008990a120}: 'void java.lang.invoke.DirectMethodHandle$Holder.invokeSpecial(java.lang.Object, java.lang.Object, java.lang.Object)'> (0x000000008990a120) 
thrown [s\open\src\hotspot\share\interpreter\linkResolver.cpp, line 759]
Event: 2.166 Thread 0x000001710ff3f200 Exception <a 'java/lang/NoSuchMethodError'{0x00000000898502a8}: 'java.lang.Object java.lang.invoke.DirectMethodHandle$Holder.invokeVirtual(java.lang.Object, java.lang.Object, java.lang.Object)'> (0x00000000898502a8) 
thrown [s\open\src\hotspot\share\interpreter\linkResolver.cpp, line 759]
Event: 2.176 Thread 0x000001710ff3f200 Exception <a 'java/lang/NoSuchMethodError'{0x0000000089862548}: 'java.lang.Object java.lang.invoke.Invokers$Holder.invokeExact_MT(java.lang.Object, java.lang.Object, java.lang.Object, java.lang.Object, java.lang.Object, java.lang.Object)'> (0x0000000089862548) 
thrown [s\open\src\hotspot\share\interpreter\linkResolver.cpp, line 759]
Event: 2.379 Thread 0x000001710ff3f200 Exception <a 'java/lang/NoSuchMethodError'{0x0000000089b0ab40}: 'void java.lang.invoke.DirectMethodHandle$Holder.invokeVirtual(java.lang.Object, java.lang.Object, java.lang.Object, java.lang.Object)'> (0x0000000089b0ab40) 
thrown [s\open\src\hotspot\share\interpreter\linkResolver.cpp, line 759]
Event: 2.656 Thread 0x000001710ff3f200 Exception <a 'java/lang/NoSuchMethodError'{0x000000008987b358}: 'int java.lang.invoke.DirectMethodHandle$Holder.invokeSpecial(java.lang.Object, java.lang.Object, java.lang.Object)'> (0x000000008987b358) 
thrown [s\open\src\hotspot\share\interpreter\linkResolver.cpp, line 759]
Event: 3.131 Thread 0x000001710ff3f200 Exception <a 'java/lang/NoSuchMethodError'{0x0000000089394b38}: 'void java.lang.invoke.DirectMethodHandle$Holder.invokeStatic(java.lang.Object, java.lang.Object, java.lang.Object)'> (0x0000000089394b38) 
thrown [s\open\src\hotspot\share\interpreter\linkResolver.cpp, line 759]
Event: 3.297 Thread 0x000001710ff3f200 Exception <a 'java/lang/NoSuchMethodError'{0x000000008915cc68}: 'java.lang.Object java.lang.invoke.DirectMethodHandle$Holder.newInvokeSpecial(java.lang.Object, java.lang.Object, int, java.lang.Object)'> (0x000000008915cc68) 
thrown [s\open\src\hotspot\share\interpreter\linkResolver.cpp, line 759]
Event: 3.302 Thread 0x000001710ff3f200 Exception <a 'java/lang/NoSuchMethodError'{0x00000000891612f0}: 'java.lang.Object java.lang.invoke.DirectMethodHandle$Holder.invokeSpecial(java.lang.Object, java.lang.Object, java.lang.Object, int, java.lang.Object)'> (0x00000000891612f0) 
thrown [s\open\src\hotspot\share\interpreter\linkResolver.cpp, line 759]
Event: 3.308 Thread 0x000001710ff3f200 Exception <a 'java/lang/NoSuchMethodError'{0x000000008917d448}: 'java.lang.Object java.lang.invoke.DirectMethodHandle$Holder.newInvokeSpecial(java.lang.Object, java.lang.Object, java.lang.Object, java.lang.Object, java.lang.Object, java.lang.Object)'> (0x000000008917d448) 
thrown [s\open\src\hotspot\share\interpreter\linkResolver.cpp, line 759]
Event: 3.310 Thread 0x000001710ff3f200 Exception <a 'java/lang/NoSuchMethodError'{0x0000000089182658}: 'int java.lang.invoke.DirectMethodHandle$Holder.invokeSpecial(java.lang.Object, java.lang.Object, java.lang.Object, java.lang.Object)'> (0x0000000089182658) 
thrown [s\open\src\hotspot\share\interpreter\linkResolver.cpp, line 759]
Event: 3.385 Thread 0x000001710ff3f200 Exception <a 'java/lang/NoSuchMethodError'{0x00000000890b15f0}: 'void java.lang.invoke.DirectMethodHandle$Holder.invokeStatic(java.lang.Object, java.lang.Object, java.lang.Object, java.lang.Object)'> (0x00000000890b15f0) 
thrown [s\open\src\hotspot\share\interpreter\linkResolver.cpp, line 759]
Event: 3.519 Thread 0x000001710ff3f200 Exception <a 'java/lang/NoSuchMethodError'{0x0000000088e7e7d0}: 'void java.lang.invoke.DirectMethodHandle$Holder.invokeStaticInit(java.lang.Object, java.lang.Object)'> (0x0000000088e7e7d0) 
thrown [s\open\src\hotspot\share\interpreter\linkResolver.cpp, line 759]
Event: 3.919 Thread 0x000001710ff3f200 Exception <a 'java/lang/NoSuchMethodError'{0x0000000088707b18}: 'java.lang.Object java.lang.invoke.DirectMethodHandle$Holder.invokeSpecial(java.lang.Object, java.lang.Object, java.lang.Object, java.lang.Object, java.lang.Object, java.lang.Object, int)'> (0x0000000088707b18) 
thrown [s\open\src\hotspot\share\interpreter\linkResolver.cpp, line 759]
Event: 3.922 Thread 0x000001710ff3f200 Exception <a 'java/lang/NoSuchMethodError'{0x0000000088712078}: 'java.lang.Object java.lang.invoke.DirectMethodHandle$Holder.newInvokeSpecial(java.lang.Object, java.lang.Object, java.lang.Object, java.lang.Object, java.lang.Object, java.lang.Object, int)'> (0x0000000088712078) 
thrown [s\open\src\hotspot\share\interpreter\linkResolver.cpp, line 759]
Event: 3.923 Thread 0x000001710ff3f200 Exception <a 'java/lang/NoSuchMethodError'{0x00000000887170b8}: 'java.lang.Object java.lang.invoke.DirectMethodHandle$Holder.invokeSpecial(java.lang.Object, java.lang.Object, java.lang.Object, java.lang.Object, java.lang.Object, java.lang.Object, java.lang.Object, int)'> (0x00000000887170b8) 
thrown [s\open\src\hotspot\share\interpreter\linkResolver.cpp, line 759]

VM Operations (20 events):
Event: 1.966 Executing VM operation: HandshakeAllThreads
Event: 1.966 Executing VM operation: HandshakeAllThreads done
Event: 2.117 Executing VM operation: HandshakeAllThreads
Event: 2.117 Executing VM operation: HandshakeAllThreads done
Event: 2.238 Executing VM operation: G1CollectForAllocation
Event: 2.245 Executing VM operation: G1CollectForAllocation done
Event: 2.824 Executing VM operation: HandshakeAllThreads
Event: 2.824 Executing VM operation: HandshakeAllThreads done
Event: 3.107 Executing VM operation: HandshakeAllThreads
Event: 3.107 Executing VM operation: HandshakeAllThreads done
Event: 3.342 Executing VM operation: HandshakeAllThreads
Event: 3.355 Executing VM operation: HandshakeAllThreads done
Event: 3.355 Executing VM operation: Cleanup
Event: 3.355 Executing VM operation: Cleanup done
Event: 3.686 Executing VM operation: HandshakeAllThreads
Event: 3.686 Executing VM operation: HandshakeAllThreads done
Event: 3.844 Executing VM operation: HandshakeAllThreads
Event: 3.844 Executing VM operation: HandshakeAllThreads done
Event: 3.969 Executing VM operation: G1CollectForAllocation
Event: 3.979 Executing VM operation: G1CollectForAllocation done

Events (20 events):
Event: 3.859 loading class java/util/stream/StreamSpliterators$AbstractWrappingSpliterator
Event: 3.860 loading class java/time/chrono/ThaiBuddhistDate done
Event: 3.860 loading class java/util/stream/StreamSpliterators$AbstractWrappingSpliterator done
Event: 3.860 loading class java/util/stream/StreamSpliterators$WrappingSpliterator done
Event: 3.863 loading class java/util/stream/StreamSpliterators
Event: 3.863 loading class java/util/stream/StreamSpliterators done
Event: 3.864 loading class java/util/function/BooleanSupplier
Event: 3.864 loading class java/util/function/BooleanSupplier done
Event: 3.886 loading class org/xml/sax/InputSource
Event: 3.887 loading class org/xml/sax/InputSource done
Event: 3.889 loading class java/nio/file/FileSystemNotFoundException
Event: 3.889 loading class java/nio/file/FileSystemNotFoundException done
Event: 3.934 loading class java/io/Console
Event: 3.934 loading class java/io/Console done
Event: 3.936 loading class sun/nio/cs/IBM850
Event: 3.936 loading class sun/nio/cs/IBM850 done
Event: 3.936 loading class java/io/Console$2
Event: 3.936 loading class jdk/internal/access/JavaIOAccess
Event: 3.936 loading class jdk/internal/access/JavaIOAccess done
Event: 3.936 loading class java/io/Console$2 done


Dynamic libraries:
0x00007ff74ebc0000 - 0x00007ff74ebd0000 	C:\Program Files\Java\jdk-17\bin\java.exe
0x00007ff9f7cb0000 - 0x00007ff9f7ea8000 	C:\Windows\SYSTEM32\ntdll.dll
0x00007ff9f5dc0000 - 0x00007ff9f5e7d000 	C:\Windows\System32\KERNEL32.DLL
0x00007ff9f5960000 - 0x00007ff9f5c56000 	C:\Windows\System32\KERNELBASE.dll
0x00007ff9f54b0000 - 0x00007ff9f55b0000 	C:\Windows\System32\ucrtbase.dll
0x00007ff9ed000000 - 0x00007ff9ed01b000 	C:\Program Files\Java\jdk-17\bin\VCRUNTIME140.dll
0x00007ff9ecfe0000 - 0x00007ff9ecff9000 	C:\Program Files\Java\jdk-17\bin\jli.dll
0x00007ff9f62d0000 - 0x00007ff9f637f000 	C:\Windows\System32\ADVAPI32.dll
0x00007ff9f61d0000 - 0x00007ff9f626e000 	C:\Windows\System32\msvcrt.dll
0x00007ff9f6ac0000 - 0x00007ff9f6b5c000 	C:\Windows\System32\sechost.dll
0x00007ff9f7470000 - 0x00007ff9f7596000 	C:\Windows\System32\RPCRT4.dll
0x00007ff9f7900000 - 0x00007ff9f7a9e000 	C:\Windows\System32\USER32.dll
0x00007ff9f5480000 - 0x00007ff9f54a2000 	C:\Windows\System32\win32u.dll
0x00007ff9f65a0000 - 0x00007ff9f65cc000 	C:\Windows\System32\GDI32.dll
0x00007ff9d29e0000 - 0x00007ff9d2c7a000 	C:\Windows\WinSxS\amd64_microsoft.windows.common-controls_6595b64144ccf1df_6.0.19041.3636_none_60b6a03d71f818d5\COMCTL32.dll
0x00007ff9f57b0000 - 0x00007ff9f58ca000 	C:\Windows\System32\gdi32full.dll
0x00007ff9f5710000 - 0x00007ff9f57ad000 	C:\Windows\System32\msvcp_win.dll
0x00007ff9e8ea0000 - 0x00007ff9e8eaa000 	C:\Windows\SYSTEM32\VERSION.dll
0x00007ff9f7aa0000 - 0x00007ff9f7ad0000 	C:\Windows\System32\IMM32.DLL
0x00007ff9ecfd0000 - 0x00007ff9ecfdc000 	C:\Program Files\Java\jdk-17\bin\vcruntime140_1.dll
0x00007ff9be4a0000 - 0x00007ff9be52e000 	C:\Program Files\Java\jdk-17\bin\msvcp140.dll
0x00007ff980a60000 - 0x00007ff981641000 	C:\Program Files\Java\jdk-17\bin\server\jvm.dll
0x00007ff9f65d0000 - 0x00007ff9f65d8000 	C:\Windows\System32\PSAPI.DLL
0x00007ff9d1d80000 - 0x00007ff9d1d89000 	C:\Windows\SYSTEM32\WSOCK32.dll
0x00007ff9dfba0000 - 0x00007ff9dfbc7000 	C:\Windows\SYSTEM32\WINMM.dll
0x00007ff9f65e0000 - 0x00007ff9f664b000 	C:\Windows\System32\WS2_32.dll
0x00007ff9f3bf0000 - 0x00007ff9f3c02000 	C:\Windows\SYSTEM32\kernel.appcore.dll
0x00007ff9eb770000 - 0x00007ff9eb77a000 	C:\Program Files\Java\jdk-17\bin\jimage.dll
0x00007ff9f3980000 - 0x00007ff9f3b64000 	C:\Windows\SYSTEM32\DBGHELP.DLL
0x00007ff9c9d80000 - 0x00007ff9c9db4000 	C:\Windows\SYSTEM32\dbgcore.DLL
0x00007ff9f58d0000 - 0x00007ff9f5952000 	C:\Windows\System32\bcryptPrimitives.dll
0x00007ff9ed650000 - 0x00007ff9ed65e000 	C:\Program Files\Java\jdk-17\bin\instrument.dll
0x00007ff9eb740000 - 0x00007ff9eb765000 	C:\Program Files\Java\jdk-17\bin\java.dll
0x00007ff983470000 - 0x00007ff983547000 	C:\Program Files\Java\jdk-17\bin\jsvml.dll
0x00007ff9f6ca0000 - 0x00007ff9f73e5000 	C:\Windows\System32\SHELL32.dll
0x00007ff9f30a0000 - 0x00007ff9f383b000 	C:\Windows\SYSTEM32\windows.storage.dll
0x00007ff9f75a0000 - 0x00007ff9f78f4000 	C:\Windows\System32\combase.dll
0x00007ff9f4cf0000 - 0x00007ff9f4d1d000 	C:\Windows\SYSTEM32\Wldp.dll
0x00007ff9f5e80000 - 0x00007ff9f5f2d000 	C:\Windows\System32\SHCORE.dll
0x00007ff9f6270000 - 0x00007ff9f62c5000 	C:\Windows\System32\shlwapi.dll
0x00007ff9f52c0000 - 0x00007ff9f52e5000 	C:\Windows\SYSTEM32\profapi.dll
0x00007ff9e1900000 - 0x00007ff9e1918000 	C:\Program Files\Java\jdk-17\bin\zip.dll
0x00007ff9e1e20000 - 0x00007ff9e1e39000 	C:\Program Files\Java\jdk-17\bin\net.dll
0x00007ff9e2f10000 - 0x00007ff9e301a000 	C:\Windows\SYSTEM32\WINHTTP.dll
0x00007ff9f4ad0000 - 0x00007ff9f4b3a000 	C:\Windows\system32\mswsock.dll
0x00007ff9e1e00000 - 0x00007ff9e1e16000 	C:\Program Files\Java\jdk-17\bin\nio.dll
0x00007ff9ed1e0000 - 0x00007ff9ed1fa000 	C:\Program Files\JetBrains\IntelliJ IDEA 2023.3\bin\breakgen64.dll
0x00007ff9e18e0000 - 0x00007ff9e18f0000 	C:\Program Files\Java\jdk-17\bin\verify.dll
0x00007ff9ed1d0000 - 0x00007ff9ed1da000 	C:\Program Files\Java\jdk-17\bin\management.dll
0x00007ff9ed1c0000 - 0x00007ff9ed1cb000 	C:\Program Files\Java\jdk-17\bin\management_ext.dll
0x00007ff9afd00000 - 0x00007ff9afd17000 	C:\Windows\system32\napinsp.dll
0x00007ff9af850000 - 0x00007ff9af86b000 	C:\Windows\system32\pnrpnsp.dll
0x00007ff9ec5f0000 - 0x00007ff9ec605000 	C:\Windows\system32\wshbth.dll
0x00007ff9ed140000 - 0x00007ff9ed15d000 	C:\Windows\system32\NLAapi.dll
0x00007ff9f4790000 - 0x00007ff9f47cb000 	C:\Windows\SYSTEM32\IPHLPAPI.DLL
0x00007ff9f47d0000 - 0x00007ff9f489a000 	C:\Windows\SYSTEM32\DNSAPI.dll
0x00007ff9f7c00000 - 0x00007ff9f7c08000 	C:\Windows\System32\NSI.dll
0x00007ff9aef40000 - 0x00007ff9aef52000 	C:\Windows\System32\winrnr.dll
0x00007ff9e8eb0000 - 0x00007ff9e8eba000 	C:\Windows\System32\rasadhlp.dll
0x00007ff9e2bb0000 - 0x00007ff9e2c30000 	C:\Windows\System32\fwpuclnt.dll
0x00007ff9f5450000 - 0x00007ff9f5477000 	C:\Windows\System32\bcrypt.dll

dbghelp: loaded successfully - version: 4.0.5 - missing functions: none
symbol engine: initialized successfully - sym options: 0x614 - pdb path: .;C:\Program Files\Java\jdk-17\bin;C:\Windows\SYSTEM32;C:\Windows\WinSxS\amd64_microsoft.windows.common-controls_6595b64144ccf1df_6.0.19041.3636_none_60b6a03d71f818d5;C:\Program Files\Java\jdk-17\bin\server;C:\Program Files\JetBrains\IntelliJ IDEA 2023.3\bin

VM Arguments:
jvm_args: -ea -Didea.test.cyclic.buffer.size=1048576 -javaagent:C:\Program Files\JetBrains\IntelliJ IDEA 2023.3\lib\idea_rt.jar=62818:C:\Program Files\JetBrains\IntelliJ IDEA 2023.3\bin -Dfile.encoding=UTF-8 
java_command: com.intellij.rt.junit.JUnitStarter -ideVersion5 @w@C:\Users\HP\AppData\Local\Temp\idea_working_dirs_junit.tmp @C:\Users\HP\AppData\Local\Temp\idea_junit.tmp -socket62817
java_class_path (initial): C:\Program Files\JetBrains\IntelliJ IDEA 2023.3\lib\idea_rt.jar;C:\Program Files\JetBrains\IntelliJ IDEA 2023.3\plugins\junit\lib\junit5-rt.jar;C:\Program Files\JetBrains\IntelliJ IDEA 2023.3\plugins\junit\lib\junit-rt.jar;C:\Users\HP\Desktop\recipe-app-master\server\target\test-classes;C:\Users\HP\Desktop\recipe-app-master\server\target\classes;C:\Users\HP\.m2\repository\org\springframework\boot\spring-boot-starter-data-jpa\2.1.3.RELEASE\spring-boot-starter-data-jpa-2.1.3.RELEASE.jar;C:\Users\HP\.m2\repository\org\springframework\boot\spring-boot-starter-aop\2.1.3.RELEASE\spring-boot-starter-aop-2.1.3.RELEASE.jar;C:\Users\HP\.m2\repository\org\springframework\spring-aop\5.1.5.RELEASE\spring-aop-5.1.5.RELEASE.jar;C:\Users\HP\.m2\repository\org\aspectj\aspectjweaver\1.9.2\aspectjweaver-1.9.2.jar;C:\Users\HP\.m2\repository\org\springframework\boot\spring-boot-starter-jdbc\2.1.3.RELEASE\spring-boot-starter-jdbc-2.1.3.RELEASE.jar;C:\Users\HP\.m2\repository\com\zaxxer\HikariCP\3.2.0\HikariCP-3.2.0.jar;C:\Users\HP\.m2\repository\org\springframework\spring-jdbc\5.1.5.RELEASE\spring-jdbc-5.1.5.RELEASE.jar;C:\Users\HP\.m2\repository\javax\transaction\javax.transaction-api\1.3\javax.transaction-api-1.3.jar;C:\Users\HP\.m2\repository\javax\xml\bind\jaxb-api\2.3.1\jaxb-api-2.3.1.jar;C:\Users\HP\.m2\repository\javax\activation\javax.activation-api\1.2.0\javax.activation-api-1.2.0.jar;C:\Users\HP\.m2\repository\org\hibernate\hibernate-core\5.3.7.Final\hibernate-core-5.3.7.Final.jar;C:\Users\HP\.m2\repository\org\jboss\logging\jboss-logging\3.3.2.Final\jboss-logging-3.3.2.Final.jar;C:\Users\HP\.m2\repository\javax\persistence\javax.persistence-api\2.2\javax.persistence-api-2.2.jar;C:\Users\HP\.m2\repository\org\javassist\javassist\3.23.1-GA\javassist-3.23.1-GA.jar;C:\Users\HP\.m2\repository\net\bytebuddy\byte-buddy\1.9.10\byte-buddy-1.9.10.jar;C:\Users\HP\.m2\repository\antlr\antlr\2.7.7\antlr-2.7.7.jar;C:\Users\HP\.m2\repository\org\jboss\jandex\2.0.5
Launcher Type: SUN_STANDARD

[Global flags]
     intx CICompilerCount                          = 3                                         {product} {ergonomic}
     uint ConcGCThreads                            = 1                                         {product} {ergonomic}
     uint G1ConcRefinementThreads                  = 4                                         {product} {ergonomic}
   size_t G1HeapRegionSize                         = 1048576                                   {product} {ergonomic}
    uintx GCDrainStackTargetSize                   = 64                                        {product} {ergonomic}
   size_t InitialHeapSize                          = 134217728                                 {product} {ergonomic}
   size_t MarkStackSize                            = 4194304                                   {product} {ergonomic}
   size_t MaxHeapSize                              = 2116026368                                {product} {ergonomic}
   size_t MaxNewSize                               = 1268776960                                {product} {ergonomic}
   size_t MinHeapDeltaBytes                        = 1048576                                   {product} {ergonomic}
   size_t MinHeapSize                              = 8388608                                   {product} {ergonomic}
    uintx NonNMethodCodeHeapSize                   = 5832780                                {pd product} {ergonomic}
    uintx NonProfiledCodeHeapSize                  = 122912730                              {pd product} {ergonomic}
    uintx ProfiledCodeHeapSize                     = 122912730                              {pd product} {ergonomic}
    uintx ReservedCodeCacheSize                    = 251658240                              {pd product} {ergonomic}
     bool SegmentedCodeCache                       = true                                      {product} {ergonomic}
   size_t SoftMaxHeapSize                          = 2116026368                             {manageable} {ergonomic}
     bool UseCompressedClassPointers               = true                           {product lp64_product} {ergonomic}
     bool UseCompressedOops                        = true                           {product lp64_product} {ergonomic}
     bool UseG1GC                                  = true                                      {product} {ergonomic}
     bool UseLargePagesIndividualAllocation        = false                                  {pd product} {ergonomic}

Logging:
Log output configuration:
 #0: stdout all=warning uptime,level,tags
 #1: stderr all=off uptime,level,tags

Environment Variables:
JAVA_HOME=C:\Users\HP\Downloads\jdk-17_windows-x64_bin\jdk-17.0.9
PATH=C:\Program Files\Java\jdk-17\bin;C:\Program Files (x86)\Common Files\Oracle\Java\javapath;C:\sonar\sonarscanner\bin;C:\Program Files\Microsoft MPI\Bin\;C:\Program Files (x86)\Amazon Corretto\jdk1.8.0_292\bin;C:\Program Files (x86)\AdoptOpenJDK\jdk-8.0.292.10-hotspot\bin;C:\Windows\system32;C:\Windows;C:\Windows\System32\Wbem;C:\Windows\System32\WindowsPowerShell\v1.0\;C:\Windows\System32\OpenSSH\;C:\Program Files (x86)\Intel\Intel(R) Management Engine Components\DAL;C:\Program Files\Intel\Intel(R) Management Engine Components\DAL;C:\Program Files\Microsoft\Web Platform Installer\;C:\Program Files\Microsoft SQL Server\Client SDK\ODBC\130\Tools\Binn\;C:\Program Files (x86)\Microsoft SQL Server\140\Tools\Binn\;C:\Program Files\Microsoft SQL Server\140\Tools\Binn\;C:\Program Files\Microsoft SQL Server\140\DTS\Binn\;C:\Program Files\Microsoft SQL Server\130\Tools\Binn\;C:\Program Files\Azure Data Studio\bin;C:\Program Files\Microsoft SQL Server\150\Tools\Binn\;C:\Program Files\Microsoft SQL Server\Client SDK\ODBC\170\Tools\Binn\;C:\wamp64\bin\php\php8.1.13;C:\Program Files\nodejs\;C:\Program Files\Git\cmd;C:\Program Files (x86)\Windows Kits\10\Windows Performance Toolkit\;C:\Users\HP\AppData\Roaming\npm;C:\Users\HP\AppData\Local\Pub\Cache\bin;C:\Program Files\Docker\Docker\resources\bin;C:\Users\HP\Downloads\consul_1.17.1_windows_amd64;C:\Program Files\Java\jdk-17\bin;C:\Program Files\MySQL\MySQL Shell 8.0\bin\;C:\Users\HP\AppData\Local\Microsoft\WindowsApps;C:\Program Files\Azure Data Studio\bin;C:\Users\HP\.dotnet\tools;C:\Program Files\Azure Data Studio\bin;C:\sqlite3;C:\Program Files\JetBrains\PyCharm Community Edition 2022.1.1\bin;;C:\Users\HP\AppData\Roaming\Composer\vendor\bin;C:\Users\HP\AppData\Roaming\npm;C:\src\flutter\bin;C:\Users\HP\AppData\Local\Programs\Microsoft VS Code\bin;C:\Program Files (x86)\Java\jre-1.8\bin;;C:\Program Files\JetBrains\IntelliJ IDEA 2023.3\bin;
USERNAME=HP
OS=Windows_NT
PROCESSOR_IDENTIFIER=Intel64 Family 6 Model 78 Stepping 3, GenuineIntel



---------------  S Y S T E M  ---------------

OS:
 Windows 10 , 64 bit Build 19041 (10.0.19041.3636)
OS uptime: 0 days 0:27 hours
Hyper-V role detected

CPU: total 4 (initial active 4) (2 cores per cpu, 2 threads per core) family 6 model 78 stepping 3 microcode 0xcc, cx8, cmov, fxsr, ht, mmx, 3dnowpref, sse, sse2, sse3, ssse3, sse4.1, sse4.2, popcnt, lzcnt, tsc, tscinvbit, avx, avx2, aes, erms, clmul, bmi1, bmi2, rtm, adx, fma, vzeroupper, clflush, clflushopt, hv

Memory: 4k page, system-wide physical 8071M (2366M free)
TotalPageFile size 11011M (AvailPageFile size 7M)
current process WorkingSet (physical memory assigned to process): 108M, peak: 108M
current process commit charge ("private bytes"): 241M, peak: 242M

vm_info: Java HotSpot(TM) 64-Bit Server VM (17.0.9+11-LTS-201) for windows-amd64 JRE (17.0.9+11-LTS-201), built on Oct 10 2023 23:16:06 by "mach5one" with MS VC++ 17.1 (VS2022)

END.
