#
# There is insufficient memory for the Java Runtime Environment to continue.
# Native memory allocation (malloc) failed to allocate 640832 bytes for Chunk::new
# Possible reasons:
#   The system is out of physical RAM or swap space
#   The process is running with CompressedOops enabled, and the Java Heap may be blocking the growth of the native heap
# Possible solutions:
#   Reduce memory load on the system
#   Increase physical memory or swap space
#   Check if swap backing store is full
#   Decrease Java heap size (-Xmx/-Xms)
#   Decrease number of Java threads
#   Decrease Java thread stack sizes (-Xss)
#   Set larger code cache with -XX:ReservedCodeCacheSize=
#   JVM is running with Unscaled Compressed Oops mode in which the Java heap is
#     placed in the first 4GB address space. The Java Heap base address is the
#     maximum limit for the native heap growth. Please use -XX:HeapBaseMinAddress
#     to set the Java Heap base and to place the Java Heap above 4GB virtual address.
# This output file may be truncated or incomplete.
#
#  Out of Memory Error (arena.cpp:189), pid=7596, tid=10864
#
# JRE version: Java(TM) SE Runtime Environment (17.0.9+11) (build 17.0.9+11-LTS-201)
# Java VM: Java HotSpot(TM) 64-Bit Server VM (17.0.9+11-LTS-201, mixed mode, sharing, tiered, compressed oops, compressed class ptrs, g1 gc, windows-amd64)
# No core dump will be written. Minidumps are not enabled by default on client versions of Windows
#

---------------  S U M M A R Y ------------

Command Line: -ea -Didea.test.cyclic.buffer.size=1048576 -javaagent:C:\Program Files\JetBrains\IntelliJ IDEA 2023.3\lib\idea_rt.jar=64429:C:\Program Files\JetBrains\IntelliJ IDEA 2023.3\bin -Dfile.encoding=UTF-8 com.intellij.rt.junit.JUnitStarter -ideVersion5 @w@C:\Users\HP\AppData\Local\Temp\idea_working_dirs_junit.tmp @C:\Users\HP\AppData\Local\Temp\idea_junit.tmp -socket64428

Host: Intel(R) Core(TM) i5-6300U CPU @ 2.40GHz, 4 cores, 7G,  Windows 10 , 64 bit Build 19041 (10.0.19041.3636)
Time: Sun Dec 31 00:29:00 2023 Morocco Daylight Time elapsed time: 4.409507 seconds (0d 0h 0m 4s)

---------------  T H R E A D  ---------------

Current thread (0x0000029da9b803d0):  JavaThread "C2 CompilerThread1" daemon [_thread_in_native, id=10864, stack(0x000000e0fa700000,0x000000e0fa800000)]


Current CompileTask:
C2:   4409 2103       4       jdk.internal.module.SystemModuleFinders$SystemModuleReader::find (59 bytes)

Stack: [0x000000e0fa700000,0x000000e0fa800000]
Native frames: (J=compiled Java code, j=interpreted, Vv=VM code, C=native code)
V  [jvm.dll+0x678a4a]
V  [jvm.dll+0x7d9cfd]
V  [jvm.dll+0x7db60e]
V  [jvm.dll+0x7dbc73]
V  [jvm.dll+0x245e1f]
V  [jvm.dll+0xaaafb]
V  [jvm.dll+0xab09c]
V  [jvm.dll+0x36237e]
V  [jvm.dll+0x1bb94a]
V  [jvm.dll+0x218287]
V  [jvm.dll+0x217561]
V  [jvm.dll+0x1a3bc0]
V  [jvm.dll+0x2272de]
V  [jvm.dll+0x22548b]
V  [jvm.dll+0x78f58c]
V  [jvm.dll+0x78998a]
V  [jvm.dll+0x677875]
C  [ucrtbase.dll+0x21bb2]
C  [KERNEL32.DLL+0x17344]
C  [ntdll.dll+0x526b1]


---------------  P R O C E S S  ---------------

Threads class SMR info:
_java_thread_list=0x0000029def84a490, length=15, elements={
0x0000029d8bf20160, 0x0000029da97705e0, 0x0000029da9771460, 0x0000029da9780ed0,
0x0000029da97839a0, 0x0000029da9784360, 0x0000029da9784d20, 0x0000029da9785ac0,
0x0000029da9787580, 0x0000029da97bcec0, 0x0000029da9758d90, 0x0000029da9a36bd0,
0x0000029da9a370b0, 0x0000029da9b803d0, 0x0000029defb519a0
}

Java Threads: ( => current thread )
  0x0000029d8bf20160 JavaThread "main" [_thread_in_vm, id=7456, stack(0x000000e0f9300000,0x000000e0f9400000)]
  0x0000029da97705e0 JavaThread "Reference Handler" daemon [_thread_blocked, id=1236, stack(0x000000e0f9a00000,0x000000e0f9b00000)]
  0x0000029da9771460 JavaThread "Finalizer" daemon [_thread_blocked, id=6860, stack(0x000000e0f9b00000,0x000000e0f9c00000)]
  0x0000029da9780ed0 JavaThread "Signal Dispatcher" daemon [_thread_blocked, id=13112, stack(0x000000e0f9c00000,0x000000e0f9d00000)]
  0x0000029da97839a0 JavaThread "Attach Listener" daemon [_thread_blocked, id=9124, stack(0x000000e0f9d00000,0x000000e0f9e00000)]
  0x0000029da9784360 JavaThread "Service Thread" daemon [_thread_blocked, id=12348, stack(0x000000e0f9e00000,0x000000e0f9f00000)]
  0x0000029da9784d20 JavaThread "Monitor Deflation Thread" daemon [_thread_blocked, id=4296, stack(0x000000e0f9f00000,0x000000e0fa000000)]
  0x0000029da9785ac0 JavaThread "C2 CompilerThread0" daemon [_thread_in_native, id=3092, stack(0x000000e0fa000000,0x000000e0fa100000)]
  0x0000029da9787580 JavaThread "C1 CompilerThread0" daemon [_thread_in_vm, id=4032, stack(0x000000e0fa100000,0x000000e0fa200000)]
  0x0000029da97bcec0 JavaThread "Sweeper thread" daemon [_thread_blocked, id=9964, stack(0x000000e0fa200000,0x000000e0fa300000)]
  0x0000029da9758d90 JavaThread "Common-Cleaner" daemon [_thread_blocked, id=8508, stack(0x000000e0fa300000,0x000000e0fa400000)]
  0x0000029da9a36bd0 JavaThread "Monitor Ctrl-Break" daemon [_thread_in_native, id=5456, stack(0x000000e0fa400000,0x000000e0fa500000)]
  0x0000029da9a370b0 JavaThread "Notification Thread" daemon [_thread_blocked, id=8168, stack(0x000000e0fa500000,0x000000e0fa600000)]
=>0x0000029da9b803d0 JavaThread "C2 CompilerThread1" daemon [_thread_in_native, id=10864, stack(0x000000e0fa700000,0x000000e0fa800000)]
  0x0000029defb519a0 JavaThread "background-preinit" [_thread_in_vm, id=6784, stack(0x000000e0fac00000,0x000000e0fad00000)]

Other Threads:
  0x0000029da976a570 VMThread "VM Thread" [stack: 0x000000e0f9900000,0x000000e0f9a00000] [id=8908]
  0x0000029da9a79ce0 WatcherThread [stack: 0x000000e0fa600000,0x000000e0fa700000] [id=7760]
  0x0000029d8bf79d20 GCTaskThread "GC Thread#0" [stack: 0x000000e0f9400000,0x000000e0f9500000] [id=7796]
  0x0000029def66f2b0 GCTaskThread "GC Thread#1" [stack: 0x000000e0fa800000,0x000000e0fa900000] [id=2180]
  0x0000029da9b3a900 GCTaskThread "GC Thread#2" [stack: 0x000000e0fa900000,0x000000e0faa00000] [id=2556]
  0x0000029def2dd7d0 GCTaskThread "GC Thread#3" [stack: 0x000000e0faa00000,0x000000e0fab00000] [id=10916]
  0x0000029d8bf8a8b0 ConcurrentGCThread "G1 Main Marker" [stack: 0x000000e0f9500000,0x000000e0f9600000] [id=7912]
  0x0000029d8bf8c2d0 ConcurrentGCThread "G1 Conc#0" [stack: 0x000000e0f9600000,0x000000e0f9700000] [id=2688]
  0x0000029d8bfe0a60 ConcurrentGCThread "G1 Refine#0" [stack: 0x000000e0f9700000,0x000000e0f9800000] [id=8496]
  0x0000029da9b3b4c0 ConcurrentGCThread "G1 Refine#1" [stack: 0x000000e0fab00000,0x000000e0fac00000] [id=5552]
  0x0000029d8bfe1490 ConcurrentGCThread "G1 Service" [stack: 0x000000e0f9800000,0x000000e0f9900000] [id=8432]

Threads with active compile tasks:
C2 CompilerThread0     4474 2159       4       org.springframework.asm.ClassReader::readUtf (44 bytes)
C1 CompilerThread0     4474 2178       3       java.util.AbstractCollection::containsAll (38 bytes)
C2 CompilerThread1     4474 2103       4       jdk.internal.module.SystemModuleFinders$SystemModuleReader::find (59 bytes)

VM state: not at safepoint (normal execution)

VM Mutex/Monitor currently owned by a thread:  ([mutex/lock_event])
[0x0000029d8bf0f440] Metaspace_lock - owner thread: 0x0000029defb519a0
[0x0000029d8bf1a860] MethodData_lock - owner thread: 0x0000029da9787580

Heap address: 0x0000000081e00000, size: 2018 MB, Compressed Oops mode: 32-bit

CDS archive(s) mapped at: [0x0000029daa000000-0x0000029daabd0000-0x0000029daabd0000), size 12386304, SharedBaseAddress: 0x0000029daa000000, ArchiveRelocationMode: 1.
Compressed class space mapped at: 0x0000029dab000000-0x0000029deb000000, reserved size: 1073741824
Narrow klass base: 0x0000029daa000000, Narrow klass shift: 0, Narrow klass range: 0x100000000

GC Precious Log:
 CPUs: 4 total, 4 available
 Memory: 8071M
 Large Page Support: Disabled
 NUMA Support: Disabled
 Compressed Oops: Enabled (32-bit)
 Heap Region Size: 1M
 Heap Min Capacity: 8M
 Heap Initial Capacity: 128M
 Heap Max Capacity: 2018M
 Pre-touch: Disabled
 Parallel Workers: 4
 Concurrent Workers: 1
 Concurrent Refinement Workers: 4
 Periodic GC: Disabled

Heap:
 garbage-first heap   total 131072K, used 47147K [0x0000000081e00000, 0x0000000100000000)
  region size 1024K, 42 young (43008K), 3 survivors (3072K)
 Metaspace       used 19354K, committed 19520K, reserved 1114112K
  class space    used 2475K, committed 2560K, reserved 1048576K

Heap Regions: E=young(eden), S=young(survivor), O=old, HS=humongous(starts), HC=humongous(continues), CS=collection set, F=free, OA=open archive, CA=closed archive, TAMS=top-at-mark-start (previous, next)
|   0|0x0000000081e00000, 0x0000000081f00000, 0x0000000081f00000|100%|HS|  |TAMS 0x0000000081e00000, 0x0000000081e00000| Complete 
|   1|0x0000000081f00000, 0x0000000082000000, 0x0000000082000000|100%| O|  |TAMS 0x0000000081f00000, 0x0000000081f00000| Untracked 
|   2|0x0000000082000000, 0x0000000082100000, 0x0000000082100000|100%| O|  |TAMS 0x0000000082000000, 0x0000000082000000| Untracked 
|   3|0x0000000082100000, 0x0000000082200000, 0x0000000082200000|100%| O|  |TAMS 0x0000000082100000, 0x0000000082100000| Untracked 
|   4|0x0000000082200000, 0x0000000082300000, 0x0000000082300000|100%| O|  |TAMS 0x0000000082200000, 0x0000000082200000| Untracked 
|   5|0x0000000082300000, 0x0000000082400000, 0x0000000082400000|100%| O|  |TAMS 0x0000000082300000, 0x0000000082300000| Untracked 
|   6|0x0000000082400000, 0x00000000824dec00, 0x0000000082500000| 87%| O|  |TAMS 0x0000000082400000, 0x0000000082400000| Untracked 
|   7|0x0000000082500000, 0x0000000082500000, 0x0000000082600000|  0%| F|  |TAMS 0x0000000082500000, 0x0000000082500000| Untracked 
|   8|0x0000000082600000, 0x0000000082600000, 0x0000000082700000|  0%| F|  |TAMS 0x0000000082600000, 0x0000000082600000| Untracked 
|   9|0x0000000082700000, 0x0000000082700000, 0x0000000082800000|  0%| F|  |TAMS 0x0000000082700000, 0x0000000082700000| Untracked 
|  10|0x0000000082800000, 0x0000000082800000, 0x0000000082900000|  0%| F|  |TAMS 0x0000000082800000, 0x0000000082800000| Untracked 
|  11|0x0000000082900000, 0x0000000082900000, 0x0000000082a00000|  0%| F|  |TAMS 0x0000000082900000, 0x0000000082900000| Untracked 
|  12|0x0000000082a00000, 0x0000000082a00000, 0x0000000082b00000|  0%| F|  |TAMS 0x0000000082a00000, 0x0000000082a00000| Untracked 
|  13|0x0000000082b00000, 0x0000000082b00000, 0x0000000082c00000|  0%| F|  |TAMS 0x0000000082b00000, 0x0000000082b00000| Untracked 
|  14|0x0000000082c00000, 0x0000000082c00000, 0x0000000082d00000|  0%| F|  |TAMS 0x0000000082c00000, 0x0000000082c00000| Untracked 
|  15|0x0000000082d00000, 0x0000000082d00000, 0x0000000082e00000|  0%| F|  |TAMS 0x0000000082d00000, 0x0000000082d00000| Untracked 
|  16|0x0000000082e00000, 0x0000000082e00000, 0x0000000082f00000|  0%| F|  |TAMS 0x0000000082e00000, 0x0000000082e00000| Untracked 
|  17|0x0000000082f00000, 0x0000000082f00000, 0x0000000083000000|  0%| F|  |TAMS 0x0000000082f00000, 0x0000000082f00000| Untracked 
|  18|0x0000000083000000, 0x0000000083000000, 0x0000000083100000|  0%| F|  |TAMS 0x0000000083000000, 0x0000000083000000| Untracked 
|  19|0x0000000083100000, 0x0000000083100000, 0x0000000083200000|  0%| F|  |TAMS 0x0000000083100000, 0x0000000083100000| Untracked 
|  20|0x0000000083200000, 0x0000000083200000, 0x0000000083300000|  0%| F|  |TAMS 0x0000000083200000, 0x0000000083200000| Untracked 
|  21|0x0000000083300000, 0x0000000083300000, 0x0000000083400000|  0%| F|  |TAMS 0x0000000083300000, 0x0000000083300000| Untracked 
|  22|0x0000000083400000, 0x0000000083400000, 0x0000000083500000|  0%| F|  |TAMS 0x0000000083400000, 0x0000000083400000| Untracked 
|  23|0x0000000083500000, 0x0000000083500000, 0x0000000083600000|  0%| F|  |TAMS 0x0000000083500000, 0x0000000083500000| Untracked 
|  24|0x0000000083600000, 0x0000000083600000, 0x0000000083700000|  0%| F|  |TAMS 0x0000000083600000, 0x0000000083600000| Untracked 
|  25|0x0000000083700000, 0x0000000083700000, 0x0000000083800000|  0%| F|  |TAMS 0x0000000083700000, 0x0000000083700000| Untracked 
|  26|0x0000000083800000, 0x0000000083800000, 0x0000000083900000|  0%| F|  |TAMS 0x0000000083800000, 0x0000000083800000| Untracked 
|  27|0x0000000083900000, 0x0000000083900000, 0x0000000083a00000|  0%| F|  |TAMS 0x0000000083900000, 0x0000000083900000| Untracked 
|  28|0x0000000083a00000, 0x0000000083a00000, 0x0000000083b00000|  0%| F|  |TAMS 0x0000000083a00000, 0x0000000083a00000| Untracked 
|  29|0x0000000083b00000, 0x0000000083b00000, 0x0000000083c00000|  0%| F|  |TAMS 0x0000000083b00000, 0x0000000083b00000| Untracked 
|  30|0x0000000083c00000, 0x0000000083c00000, 0x0000000083d00000|  0%| F|  |TAMS 0x0000000083c00000, 0x0000000083c00000| Untracked 
|  31|0x0000000083d00000, 0x0000000083d00000, 0x0000000083e00000|  0%| F|  |TAMS 0x0000000083d00000, 0x0000000083d00000| Untracked 
|  32|0x0000000083e00000, 0x0000000083e00000, 0x0000000083f00000|  0%| F|  |TAMS 0x0000000083e00000, 0x0000000083e00000| Untracked 
|  33|0x0000000083f00000, 0x0000000083f00000, 0x0000000084000000|  0%| F|  |TAMS 0x0000000083f00000, 0x0000000083f00000| Untracked 
|  34|0x0000000084000000, 0x0000000084000000, 0x0000000084100000|  0%| F|  |TAMS 0x0000000084000000, 0x0000000084000000| Untracked 
|  35|0x0000000084100000, 0x0000000084100000, 0x0000000084200000|  0%| F|  |TAMS 0x0000000084100000, 0x0000000084100000| Untracked 
|  36|0x0000000084200000, 0x0000000084200000, 0x0000000084300000|  0%| F|  |TAMS 0x0000000084200000, 0x0000000084200000| Untracked 
|  37|0x0000000084300000, 0x0000000084300000, 0x0000000084400000|  0%| F|  |TAMS 0x0000000084300000, 0x0000000084300000| Untracked 
|  38|0x0000000084400000, 0x0000000084400000, 0x0000000084500000|  0%| F|  |TAMS 0x0000000084400000, 0x0000000084400000| Untracked 
|  39|0x0000000084500000, 0x0000000084500000, 0x0000000084600000|  0%| F|  |TAMS 0x0000000084500000, 0x0000000084500000| Untracked 
|  40|0x0000000084600000, 0x0000000084600000, 0x0000000084700000|  0%| F|  |TAMS 0x0000000084600000, 0x0000000084600000| Untracked 
|  41|0x0000000084700000, 0x0000000084700000, 0x0000000084800000|  0%| F|  |TAMS 0x0000000084700000, 0x0000000084700000| Untracked 
|  42|0x0000000084800000, 0x0000000084800000, 0x0000000084900000|  0%| F|  |TAMS 0x0000000084800000, 0x0000000084800000| Untracked 
|  43|0x0000000084900000, 0x0000000084900000, 0x0000000084a00000|  0%| F|  |TAMS 0x0000000084900000, 0x0000000084900000| Untracked 
|  44|0x0000000084a00000, 0x0000000084a00000, 0x0000000084b00000|  0%| F|  |TAMS 0x0000000084a00000, 0x0000000084a00000| Untracked 
|  45|0x0000000084b00000, 0x0000000084b00000, 0x0000000084c00000|  0%| F|  |TAMS 0x0000000084b00000, 0x0000000084b00000| Untracked 
|  46|0x0000000084c00000, 0x0000000084c00000, 0x0000000084d00000|  0%| F|  |TAMS 0x0000000084c00000, 0x0000000084c00000| Untracked 
|  47|0x0000000084d00000, 0x0000000084d00000, 0x0000000084e00000|  0%| F|  |TAMS 0x0000000084d00000, 0x0000000084d00000| Untracked 
|  48|0x0000000084e00000, 0x0000000084e00000, 0x0000000084f00000|  0%| F|  |TAMS 0x0000000084e00000, 0x0000000084e00000| Untracked 
|  49|0x0000000084f00000, 0x0000000084f00000, 0x0000000085000000|  0%| F|  |TAMS 0x0000000084f00000, 0x0000000084f00000| Untracked 
|  50|0x0000000085000000, 0x0000000085000000, 0x0000000085100000|  0%| F|  |TAMS 0x0000000085000000, 0x0000000085000000| Untracked 
|  51|0x0000000085100000, 0x0000000085100000, 0x0000000085200000|  0%| F|  |TAMS 0x0000000085100000, 0x0000000085100000| Untracked 
|  52|0x0000000085200000, 0x0000000085200000, 0x0000000085300000|  0%| F|  |TAMS 0x0000000085200000, 0x0000000085200000| Untracked 
|  53|0x0000000085300000, 0x0000000085300000, 0x0000000085400000|  0%| F|  |TAMS 0x0000000085300000, 0x0000000085300000| Untracked 
|  54|0x0000000085400000, 0x0000000085400000, 0x0000000085500000|  0%| F|  |TAMS 0x0000000085400000, 0x0000000085400000| Untracked 
|  55|0x0000000085500000, 0x0000000085500000, 0x0000000085600000|  0%| F|  |TAMS 0x0000000085500000, 0x0000000085500000| Untracked 
|  56|0x0000000085600000, 0x0000000085600000, 0x0000000085700000|  0%| F|  |TAMS 0x0000000085600000, 0x0000000085600000| Untracked 
|  57|0x0000000085700000, 0x0000000085700000, 0x0000000085800000|  0%| F|  |TAMS 0x0000000085700000, 0x0000000085700000| Untracked 
|  58|0x0000000085800000, 0x0000000085800000, 0x0000000085900000|  0%| F|  |TAMS 0x0000000085800000, 0x0000000085800000| Untracked 
|  59|0x0000000085900000, 0x0000000085900000, 0x0000000085a00000|  0%| F|  |TAMS 0x0000000085900000, 0x0000000085900000| Untracked 
|  60|0x0000000085a00000, 0x0000000085a00000, 0x0000000085b00000|  0%| F|  |TAMS 0x0000000085a00000, 0x0000000085a00000| Untracked 
|  61|0x0000000085b00000, 0x0000000085b00000, 0x0000000085c00000|  0%| F|  |TAMS 0x0000000085b00000, 0x0000000085b00000| Untracked 
|  62|0x0000000085c00000, 0x0000000085c00000, 0x0000000085d00000|  0%| F|  |TAMS 0x0000000085c00000, 0x0000000085c00000| Untracked 
|  63|0x0000000085d00000, 0x0000000085d00000, 0x0000000085e00000|  0%| F|  |TAMS 0x0000000085d00000, 0x0000000085d00000| Untracked 
|  64|0x0000000085e00000, 0x0000000085e00000, 0x0000000085f00000|  0%| F|  |TAMS 0x0000000085e00000, 0x0000000085e00000| Untracked 
|  65|0x0000000085f00000, 0x0000000085f00000, 0x0000000086000000|  0%| F|  |TAMS 0x0000000085f00000, 0x0000000085f00000| Untracked 
|  66|0x0000000086000000, 0x0000000086000000, 0x0000000086100000|  0%| F|  |TAMS 0x0000000086000000, 0x0000000086000000| Untracked 
|  67|0x0000000086100000, 0x0000000086100000, 0x0000000086200000|  0%| F|  |TAMS 0x0000000086100000, 0x0000000086100000| Untracked 
|  68|0x0000000086200000, 0x0000000086200000, 0x0000000086300000|  0%| F|  |TAMS 0x0000000086200000, 0x0000000086200000| Untracked 
|  69|0x0000000086300000, 0x0000000086300000, 0x0000000086400000|  0%| F|  |TAMS 0x0000000086300000, 0x0000000086300000| Untracked 
|  70|0x0000000086400000, 0x0000000086400000, 0x0000000086500000|  0%| F|  |TAMS 0x0000000086400000, 0x0000000086400000| Untracked 
|  71|0x0000000086500000, 0x0000000086500000, 0x0000000086600000|  0%| F|  |TAMS 0x0000000086500000, 0x0000000086500000| Untracked 
|  72|0x0000000086600000, 0x0000000086600000, 0x0000000086700000|  0%| F|  |TAMS 0x0000000086600000, 0x0000000086600000| Untracked 
|  73|0x0000000086700000, 0x0000000086700000, 0x0000000086800000|  0%| F|  |TAMS 0x0000000086700000, 0x0000000086700000| Untracked 
|  74|0x0000000086800000, 0x0000000086800000, 0x0000000086900000|  0%| F|  |TAMS 0x0000000086800000, 0x0000000086800000| Untracked 
|  75|0x0000000086900000, 0x0000000086900000, 0x0000000086a00000|  0%| F|  |TAMS 0x0000000086900000, 0x0000000086900000| Untracked 
|  76|0x0000000086a00000, 0x0000000086a00000, 0x0000000086b00000|  0%| F|  |TAMS 0x0000000086a00000, 0x0000000086a00000| Untracked 
|  77|0x0000000086b00000, 0x0000000086b00000, 0x0000000086c00000|  0%| F|  |TAMS 0x0000000086b00000, 0x0000000086b00000| Untracked 
|  78|0x0000000086c00000, 0x0000000086c00000, 0x0000000086d00000|  0%| F|  |TAMS 0x0000000086c00000, 0x0000000086c00000| Untracked 
|  79|0x0000000086d00000, 0x0000000086d00000, 0x0000000086e00000|  0%| F|  |TAMS 0x0000000086d00000, 0x0000000086d00000| Untracked 
|  80|0x0000000086e00000, 0x0000000086e00000, 0x0000000086f00000|  0%| F|  |TAMS 0x0000000086e00000, 0x0000000086e00000| Untracked 
|  81|0x0000000086f00000, 0x0000000086f00000, 0x0000000087000000|  0%| F|  |TAMS 0x0000000086f00000, 0x0000000086f00000| Untracked 
|  82|0x0000000087000000, 0x0000000087000000, 0x0000000087100000|  0%| F|  |TAMS 0x0000000087000000, 0x0000000087000000| Untracked 
|  83|0x0000000087100000, 0x0000000087100000, 0x0000000087200000|  0%| F|  |TAMS 0x0000000087100000, 0x0000000087100000| Untracked 
|  84|0x0000000087200000, 0x0000000087200000, 0x0000000087300000|  0%| F|  |TAMS 0x0000000087200000, 0x0000000087200000| Untracked 
|  85|0x0000000087300000, 0x0000000087300000, 0x0000000087400000|  0%| F|  |TAMS 0x0000000087300000, 0x0000000087300000| Untracked 
|  86|0x0000000087400000, 0x0000000087480800, 0x0000000087500000| 50%| E|  |TAMS 0x0000000087400000, 0x0000000087400000| Complete 
|  87|0x0000000087500000, 0x0000000087600000, 0x0000000087600000|100%| E|CS|TAMS 0x0000000087500000, 0x0000000087500000| Complete 
|  88|0x0000000087600000, 0x0000000087700000, 0x0000000087700000|100%| E|CS|TAMS 0x0000000087600000, 0x0000000087600000| Complete 
|  89|0x0000000087700000, 0x0000000087800000, 0x0000000087800000|100%| E|CS|TAMS 0x0000000087700000, 0x0000000087700000| Complete 
|  90|0x0000000087800000, 0x0000000087900000, 0x0000000087900000|100%| E|CS|TAMS 0x0000000087800000, 0x0000000087800000| Complete 
|  91|0x0000000087900000, 0x0000000087a00000, 0x0000000087a00000|100%| E|CS|TAMS 0x0000000087900000, 0x0000000087900000| Complete 
|  92|0x0000000087a00000, 0x0000000087b00000, 0x0000000087b00000|100%| E|CS|TAMS 0x0000000087a00000, 0x0000000087a00000| Complete 
|  93|0x0000000087b00000, 0x0000000087c00000, 0x0000000087c00000|100%| E|CS|TAMS 0x0000000087b00000, 0x0000000087b00000| Complete 
|  94|0x0000000087c00000, 0x0000000087d00000, 0x0000000087d00000|100%| E|CS|TAMS 0x0000000087c00000, 0x0000000087c00000| Complete 
|  95|0x0000000087d00000, 0x0000000087e00000, 0x0000000087e00000|100%| E|CS|TAMS 0x0000000087d00000, 0x0000000087d00000| Complete 
|  96|0x0000000087e00000, 0x0000000087f00000, 0x0000000087f00000|100%| E|CS|TAMS 0x0000000087e00000, 0x0000000087e00000| Complete 
|  97|0x0000000087f00000, 0x0000000088000000, 0x0000000088000000|100%| E|CS|TAMS 0x0000000087f00000, 0x0000000087f00000| Complete 
|  98|0x0000000088000000, 0x0000000088100000, 0x0000000088100000|100%| E|  |TAMS 0x0000000088000000, 0x0000000088000000| Complete 
|  99|0x0000000088100000, 0x0000000088200000, 0x0000000088200000|100%| E|CS|TAMS 0x0000000088100000, 0x0000000088100000| Complete 
| 100|0x0000000088200000, 0x0000000088300000, 0x0000000088300000|100%| E|CS|TAMS 0x0000000088200000, 0x0000000088200000| Complete 
| 101|0x0000000088300000, 0x0000000088400000, 0x0000000088400000|100%| E|CS|TAMS 0x0000000088300000, 0x0000000088300000| Complete 
| 102|0x0000000088400000, 0x000000008842c370, 0x0000000088500000| 17%| S|CS|TAMS 0x0000000088400000, 0x0000000088400000| Complete 
| 103|0x0000000088500000, 0x0000000088600000, 0x0000000088600000|100%| S|CS|TAMS 0x0000000088500000, 0x0000000088500000| Complete 
| 104|0x0000000088600000, 0x0000000088700000, 0x0000000088700000|100%| S|CS|TAMS 0x0000000088600000, 0x0000000088600000| Complete 
| 105|0x0000000088700000, 0x0000000088800000, 0x0000000088800000|100%| E|CS|TAMS 0x0000000088700000, 0x0000000088700000| Complete 
| 106|0x0000000088800000, 0x0000000088900000, 0x0000000088900000|100%| E|CS|TAMS 0x0000000088800000, 0x0000000088800000| Complete 
| 107|0x0000000088900000, 0x0000000088a00000, 0x0000000088a00000|100%| E|CS|TAMS 0x0000000088900000, 0x0000000088900000| Complete 
| 108|0x0000000088a00000, 0x0000000088b00000, 0x0000000088b00000|100%| E|CS|TAMS 0x0000000088a00000, 0x0000000088a00000| Complete 
| 109|0x0000000088b00000, 0x0000000088c00000, 0x0000000088c00000|100%| E|CS|TAMS 0x0000000088b00000, 0x0000000088b00000| Complete 
| 110|0x0000000088c00000, 0x0000000088d00000, 0x0000000088d00000|100%| E|CS|TAMS 0x0000000088c00000, 0x0000000088c00000| Complete 
| 111|0x0000000088d00000, 0x0000000088e00000, 0x0000000088e00000|100%| E|CS|TAMS 0x0000000088d00000, 0x0000000088d00000| Complete 
| 112|0x0000000088e00000, 0x0000000088f00000, 0x0000000088f00000|100%| E|CS|TAMS 0x0000000088e00000, 0x0000000088e00000| Complete 
| 113|0x0000000088f00000, 0x0000000089000000, 0x0000000089000000|100%| E|CS|TAMS 0x0000000088f00000, 0x0000000088f00000| Complete 
| 114|0x0000000089000000, 0x0000000089100000, 0x0000000089100000|100%| E|CS|TAMS 0x0000000089000000, 0x0000000089000000| Complete 
| 115|0x0000000089100000, 0x0000000089200000, 0x0000000089200000|100%| E|CS|TAMS 0x0000000089100000, 0x0000000089100000| Complete 
| 116|0x0000000089200000, 0x0000000089300000, 0x0000000089300000|100%| E|CS|TAMS 0x0000000089200000, 0x0000000089200000| Complete 
| 117|0x0000000089300000, 0x0000000089400000, 0x0000000089400000|100%| E|CS|TAMS 0x0000000089300000, 0x0000000089300000| Complete 
| 118|0x0000000089400000, 0x0000000089500000, 0x0000000089500000|100%| E|CS|TAMS 0x0000000089400000, 0x0000000089400000| Complete 
| 119|0x0000000089500000, 0x0000000089600000, 0x0000000089600000|100%| E|CS|TAMS 0x0000000089500000, 0x0000000089500000| Complete 
| 120|0x0000000089600000, 0x0000000089700000, 0x0000000089700000|100%| E|CS|TAMS 0x0000000089600000, 0x0000000089600000| Complete 
| 121|0x0000000089700000, 0x0000000089800000, 0x0000000089800000|100%| E|CS|TAMS 0x0000000089700000, 0x0000000089700000| Complete 
| 122|0x0000000089800000, 0x0000000089900000, 0x0000000089900000|100%| E|CS|TAMS 0x0000000089800000, 0x0000000089800000| Complete 
| 123|0x0000000089900000, 0x0000000089a00000, 0x0000000089a00000|100%| E|CS|TAMS 0x0000000089900000, 0x0000000089900000| Complete 
| 124|0x0000000089a00000, 0x0000000089b00000, 0x0000000089b00000|100%| E|CS|TAMS 0x0000000089a00000, 0x0000000089a00000| Complete 
| 125|0x0000000089b00000, 0x0000000089c00000, 0x0000000089c00000|100%| E|CS|TAMS 0x0000000089b00000, 0x0000000089b00000| Complete 
| 126|0x0000000089c00000, 0x0000000089d00000, 0x0000000089d00000|100%| E|CS|TAMS 0x0000000089c00000, 0x0000000089c00000| Complete 
| 127|0x0000000089d00000, 0x0000000089e00000, 0x0000000089e00000|100%| E|CS|TAMS 0x0000000089d00000, 0x0000000089d00000| Complete 

Card table byte_map: [0x0000029da2bc0000,0x0000029da2fc0000] _byte_map_base: 0x0000029da27b1000

Marking Bits (Prev, Next): (CMBitMap*) 0x0000029d8bf7a340, (CMBitMap*) 0x0000029d8bf7a380
 Prev Bits: [0x0000029da33c0000, 0x0000029da5348000)
 Next Bits: [0x0000029da5350000, 0x0000029da72d8000)

Polling page: 0x0000029d89e60000

Metaspace:

Usage:
  Non-class:     16.48 MB used.
      Class:      2.42 MB used.
       Both:     18.90 MB used.

Virtual space:
  Non-class space:       64.00 MB reserved,      16.56 MB ( 26%) committed,  1 nodes.
      Class space:        1.00 GB reserved,       2.50 MB ( <1%) committed,  1 nodes.
             Both:        1.06 GB reserved,      19.06 MB (  2%) committed. 

Chunk freelists:
   Non-Class:  15.39 MB
       Class:  13.50 MB
        Both:  28.89 MB

MaxMetaspaceSize: unlimited
CompressedClassSpaceSize: 1.00 GB
Initial GC threshold: 21.00 MB
Current GC threshold: 21.00 MB
CDS: on
MetaspaceReclaimPolicy: balanced
 - commit_granule_bytes: 65536.
 - commit_granule_words: 8192.
 - virtual_space_node_default_size: 8388608.
 - enlarge_chunks_in_place: 1.
 - new_chunks_are_fully_committed: 0.
 - uncommit_free_chunks: 1.
 - use_allocation_guard: 0.
 - handle_deallocations: 1.


Internal statistics:

num_allocs_failed_limit: 0.
num_arena_births: 182.
num_arena_deaths: 0.
num_vsnodes_births: 2.
num_vsnodes_deaths: 0.
num_space_committed: 305.
num_space_uncommitted: 0.
num_chunks_returned_to_freelist: 0.
num_chunks_taken_from_freelist: 824.
num_chunk_merges: 0.
num_chunk_splits: 558.
num_chunks_enlarged: 425.
num_inconsistent_stats: 0.

CodeHeap 'non-profiled nmethods': size=120000Kb used=1057Kb max_used=1057Kb free=118942Kb
 bounds [0x0000029d9b290000, 0x0000029d9b500000, 0x0000029da27c0000]
CodeHeap 'profiled nmethods': size=120000Kb used=4342Kb max_used=4342Kb free=115657Kb
 bounds [0x0000029d937c0000, 0x0000029d93c00000, 0x0000029d9acf0000]
CodeHeap 'non-nmethods': size=5760Kb used=1186Kb max_used=1227Kb free=4573Kb
 bounds [0x0000029d9acf0000, 0x0000029d9af60000, 0x0000029d9b290000]
 total_blobs=2652 nmethods=2172 adapters=392
 compilation: enabled
              stopped_count=0, restarted_count=0
 full_count=0

Compilation events (20 events):
Event: 4.375 Thread 0x0000029da9787580 2138       3       sun.reflect.annotation.AnnotationInvocationHandler::hashCodeImpl (69 bytes)
Event: 4.376 Thread 0x0000029da9787580 nmethod 2138 0x0000029d93bd8e90 code [0x0000029d93bd90c0, 0x0000029d93bd99b8]
Event: 4.376 Thread 0x0000029da9787580 2139       3       org.springframework.core.type.classreading.AbstractRecursiveAnnotationVisitor::<init> (28 bytes)
Event: 4.377 Thread 0x0000029da9787580 nmethod 2139 0x0000029d93bd9c10 code [0x0000029d93bd9e00, 0x0000029d93bda2e8]
Event: 4.377 Thread 0x0000029da9787580 2140       3       org.springframework.asm.AnnotationVisitor::<init> (7 bytes)
Event: 4.377 Thread 0x0000029da9787580 nmethod 2140 0x0000029d93bda490 code [0x0000029d93bda640, 0x0000029d93bda788]
Event: 4.377 Thread 0x0000029da9787580 2141       3       org.springframework.asm.AnnotationVisitor::<init> (47 bytes)
Event: 4.378 Thread 0x0000029da9787580 nmethod 2141 0x0000029d93bda810 code [0x0000029d93bda9c0, 0x0000029d93bdad48]
Event: 4.378 Thread 0x0000029da9787580 2142       3       java.lang.invoke.DirectMethodHandle$Holder::newInvokeSpecial (28 bytes)
Event: 4.378 Thread 0x0000029da9787580 nmethod 2142 0x0000029d93bdae90 code [0x0000029d93bdb080, 0x0000029d93bdb848]
Event: 4.380 Thread 0x0000029da9787580 2143       3       java.lang.PublicMethods$MethodList::length (24 bytes)
Event: 4.380 Thread 0x0000029da9787580 nmethod 2143 0x0000029d93bdba10 code [0x0000029d93bdbba0, 0x0000029d93bdbd78]
Event: 4.380 Thread 0x0000029da9787580 2144       3       java.lang.PublicMethods::merge (81 bytes)
Event: 4.381 Thread 0x0000029da9787580 nmethod 2144 0x0000029d93bdbe90 code [0x0000029d93bdc0e0, 0x0000029d93bdcb08]
Event: 4.381 Thread 0x0000029da9787580 2146       3       java.lang.reflect.ProxyGenerator::typeNames (61 bytes)
Event: 4.382 Thread 0x0000029da9787580 nmethod 2146 0x0000029d93bdcf10 code [0x0000029d93bdd140, 0x0000029d93bddac8]
Event: 4.382 Thread 0x0000029da9787580 2145       3       java.lang.PublicMethods$Key::<init> (24 bytes)
Event: 4.383 Thread 0x0000029da9787580 nmethod 2145 0x0000029d93bddd90 code [0x0000029d93bddf60, 0x0000029d93bde2d8]
Event: 4.383 Thread 0x0000029da9787580 2147       3       java.lang.Class::getMethod0 (31 bytes)
Event: 4.383 Thread 0x0000029da9787580 nmethod 2147 0x0000029d93bde490 code [0x0000029d93bde640, 0x0000029d93bde878]

GC Heap History (6 events):
Event: 1.529 GC heap before
{Heap before GC invocations=0 (full 0):
 garbage-first heap   total 131072K, used 13312K [0x0000000081e00000, 0x0000000100000000)
  region size 1024K, 13 young (13312K), 0 survivors (0K)
 Metaspace       used 3381K, committed 3584K, reserved 1114112K
  class space    used 358K, committed 448K, reserved 1048576K
}
Event: 1.538 GC heap after
{Heap after GC invocations=1 (full 0):
 garbage-first heap   total 131072K, used 7010K [0x0000000081e00000, 0x0000000100000000)
  region size 1024K, 2 young (2048K), 2 survivors (2048K)
 Metaspace       used 3381K, committed 3584K, reserved 1114112K
  class space    used 358K, committed 448K, reserved 1048576K
}
Event: 1.973 GC heap before
{Heap before GC invocations=1 (full 0):
 garbage-first heap   total 131072K, used 13154K [0x0000000081e00000, 0x0000000100000000)
  region size 1024K, 9 young (9216K), 2 survivors (2048K)
 Metaspace       used 5149K, committed 5312K, reserved 1114112K
  class space    used 567K, committed 640K, reserved 1048576K
}
Event: 1.981 GC heap after
{Heap after GC invocations=2 (full 0):
 garbage-first heap   total 131072K, used 7558K [0x0000000081e00000, 0x0000000100000000)
  region size 1024K, 1 young (1024K), 1 survivors (1024K)
 Metaspace       used 5149K, committed 5312K, reserved 1114112K
  class space    used 567K, committed 640K, reserved 1048576K
}
Event: 3.341 GC heap before
{Heap before GC invocations=2 (full 0):
 garbage-first heap   total 131072K, used 29062K [0x0000000081e00000, 0x0000000100000000)
  region size 1024K, 23 young (23552K), 1 survivors (1024K)
 Metaspace       used 10963K, committed 11136K, reserved 1114112K
  class space    used 1421K, committed 1536K, reserved 1048576K
}
Event: 3.348 GC heap after
{Heap after GC invocations=3 (full 0):
 garbage-first heap   total 131072K, used 9259K [0x0000000081e00000, 0x0000000100000000)
  region size 1024K, 3 young (3072K), 3 survivors (3072K)
 Metaspace       used 10963K, committed 11136K, reserved 1114112K
  class space    used 1421K, committed 1536K, reserved 1048576K
}

Deoptimization events (20 events):
Event: 4.338 Thread 0x0000029defb519a0 Uncommon trap: trap_request=0xffffff45 fr.pc=0x0000029d9b3838ec relative=0x000000000000132c
Event: 4.338 Thread 0x0000029defb519a0 Uncommon trap: reason=unstable_if action=reinterpret pc=0x0000029d9b3838ec method=java.util.concurrent.ConcurrentHashMap.putVal(Ljava/lang/Object;Ljava/lang/Object;Z)Ljava/lang/Object; @ 112 c2
Event: 4.338 Thread 0x0000029defb519a0 DEOPT PACKING pc=0x0000029d9b3838ec sp=0x000000e0facfb150
Event: 4.338 Thread 0x0000029defb519a0 DEOPT UNPACKING pc=0x0000029d9ad423a3 sp=0x000000e0facfb0e0 mode 2
Event: 4.338 Thread 0x0000029defb519a0 Uncommon trap: trap_request=0xffffff45 fr.pc=0x0000029d9b323a14 relative=0x00000000000014b4
Event: 4.338 Thread 0x0000029defb519a0 Uncommon trap: reason=unstable_if action=reinterpret pc=0x0000029d9b323a14 method=java.util.concurrent.ConcurrentHashMap.transfer([Ljava/util/concurrent/ConcurrentHashMap$Node;[Ljava/util/concurrent/ConcurrentHashMap$Node;)V @ 34 c2
Event: 4.338 Thread 0x0000029defb519a0 DEOPT PACKING pc=0x0000029d9b323a14 sp=0x000000e0facfaf70
Event: 4.338 Thread 0x0000029defb519a0 DEOPT UNPACKING pc=0x0000029d9ad423a3 sp=0x000000e0facfaf20 mode 2
Event: 4.338 Thread 0x0000029d8bf20160 Uncommon trap: trap_request=0xffffff45 fr.pc=0x0000029d9b323b18 relative=0x00000000000015b8
Event: 4.338 Thread 0x0000029d8bf20160 Uncommon trap: reason=unstable_if action=reinterpret pc=0x0000029d9b323b18 method=java.util.concurrent.ConcurrentHashMap.transfer([Ljava/util/concurrent/ConcurrentHashMap$Node;[Ljava/util/concurrent/ConcurrentHashMap$Node;)V @ 273 c2
Event: 4.338 Thread 0x0000029d8bf20160 DEOPT PACKING pc=0x0000029d9b323b18 sp=0x000000e0f93fc4f0
Event: 4.339 Thread 0x0000029d8bf20160 DEOPT UNPACKING pc=0x0000029d9ad423a3 sp=0x000000e0f93fc480 mode 2
Event: 4.365 Thread 0x0000029defb519a0 DEOPT PACKING pc=0x0000029d9395b7e6 sp=0x000000e0facfe240
Event: 4.365 Thread 0x0000029defb519a0 DEOPT UNPACKING pc=0x0000029d9ad42b43 sp=0x000000e0facfd708 mode 0
Event: 4.365 Thread 0x0000029defb519a0 DEOPT PACKING pc=0x0000029d9395fe31 sp=0x000000e0facfe210
Event: 4.365 Thread 0x0000029defb519a0 DEOPT UNPACKING pc=0x0000029d9ad42b43 sp=0x000000e0facfd700 mode 0
Event: 4.378 Thread 0x0000029defb519a0 Uncommon trap: trap_request=0xffffff45 fr.pc=0x0000029d9b371170 relative=0x00000000000002d0
Event: 4.378 Thread 0x0000029defb519a0 Uncommon trap: reason=unstable_if action=reinterpret pc=0x0000029d9b371170 method=java.util.LinkedHashMap.get(Ljava/lang/Object;)Ljava/lang/Object; @ 16 c2
Event: 4.379 Thread 0x0000029defb519a0 DEOPT PACKING pc=0x0000029d9b371170 sp=0x000000e0facfdfa0
Event: 4.379 Thread 0x0000029defb519a0 DEOPT UNPACKING pc=0x0000029d9ad423a3 sp=0x000000e0facfdf58 mode 2

Classes unloaded (0 events):
No events

Classes redefined (0 events):
No events

Internal exceptions (20 events):
Event: 3.757 Thread 0x0000029defb519a0 Exception <a 'java/lang/NoSuchMethodError'{0x000000008923a698}: 'java.lang.Object java.lang.invoke.DirectMethodHandle$Holder.invokeStaticInit(java.lang.Object, java.lang.Object, java.lang.Object, java.lang.Object, java.lang.Object)'> (0x000000008923a698) 
thrown [s\open\src\hotspot\share\interpreter\linkResolver.cpp, line 759]
Event: 3.781 Thread 0x0000029d8bf20160 Exception <a 'java/lang/ClassNotFoundException'{0x00000000892c5f88}: java/lang/ObjectCustomizer> (0x00000000892c5f88) 
thrown [s\open\src\hotspot\share\classfile\systemDictionary.cpp, line 256]
Event: 3.790 Thread 0x0000029d8bf20160 Exception <a 'java/lang/ClassNotFoundException'{0x00000000892d26c0}: org/springframework/context/annotation/ConfigurationClassPostProcessorCustomizer> (0x00000000892d26c0) 
thrown [s\open\src\hotspot\share\classfile\systemDictionary.cpp, line 256]
Event: 3.803 Thread 0x0000029d8bf20160 Exception <a 'java/lang/ClassNotFoundException'{0x00000000891908f0}: org/springframework/beans/factory/support/BeanDefinitionRegistryPostProcessorCustomizer> (0x00000000891908f0) 
thrown [s\open\src\hotspot\share\classfile\systemDictionary.cpp, line 256]
Event: 3.814 Thread 0x0000029d8bf20160 Exception <a 'java/lang/ClassNotFoundException'{0x0000000089195e80}: org/springframework/beans/factory/config/BeanFactoryPostProcessorCustomizer> (0x0000000089195e80) 
thrown [s\open\src\hotspot\share\classfile\systemDictionary.cpp, line 256]
Event: 3.816 Thread 0x0000029d8bf20160 Exception <a 'java/lang/ClassNotFoundException'{0x000000008919b280}: org/springframework/core/PriorityOrderedCustomizer> (0x000000008919b280) 
thrown [s\open\src\hotspot\share\classfile\systemDictionary.cpp, line 256]
Event: 3.820 Thread 0x0000029d8bf20160 Exception <a 'java/lang/ClassNotFoundException'{0x000000008919f328}: org/springframework/core/OrderedCustomizer> (0x000000008919f328) 
thrown [s\open\src\hotspot\share\classfile\systemDictionary.cpp, line 256]
Event: 3.822 Thread 0x0000029d8bf20160 Exception <a 'java/lang/ClassNotFoundException'{0x00000000891a4560}: org/springframework/context/ResourceLoaderAwareCustomizer> (0x00000000891a4560) 
thrown [s\open\src\hotspot\share\classfile\systemDictionary.cpp, line 256]
Event: 3.824 Thread 0x0000029d8bf20160 Exception <a 'java/lang/ClassNotFoundException'{0x00000000891a9948}: org/springframework/beans/factory/AwareCustomizer> (0x00000000891a9948) 
thrown [s\open\src\hotspot\share\classfile\systemDictionary.cpp, line 256]
Event: 3.826 Thread 0x0000029d8bf20160 Exception <a 'java/lang/ClassNotFoundException'{0x00000000891add78}: org/springframework/beans/factory/BeanClassLoaderAwareCustomizer> (0x00000000891add78) 
thrown [s\open\src\hotspot\share\classfile\systemDictionary.cpp, line 256]
Event: 3.827 Thread 0x0000029d8bf20160 Exception <a 'java/lang/ClassNotFoundException'{0x00000000891b3148}: org/springframework/beans/factory/AwareCustomizer> (0x00000000891b3148) 
thrown [s\open\src\hotspot\share\classfile\systemDictionary.cpp, line 256]
Event: 3.828 Thread 0x0000029d8bf20160 Exception <a 'java/lang/ClassNotFoundException'{0x00000000891b72c8}: org/springframework/context/EnvironmentAwareCustomizer> (0x00000000891b72c8) 
thrown [s\open\src\hotspot\share\classfile\systemDictionary.cpp, line 256]
Event: 3.841 Thread 0x0000029d8bf20160 Exception <a 'java/lang/ClassNotFoundException'{0x00000000891bc608}: org/springframework/beans/factory/AwareCustomizer> (0x00000000891bc608) 
thrown [s\open\src\hotspot\share\classfile\systemDictionary.cpp, line 256]
Event: 4.134 Thread 0x0000029d8bf20160 Exception <a 'java/lang/IncompatibleClassChangeError'{0x0000000087e4aaa0}: Found class java.lang.Object, but interface was expected> (0x0000000087e4aaa0) 
thrown [s\open\src\hotspot\share\interpreter\linkResolver.cpp, line 826]
Event: 4.297 Thread 0x0000029defb519a0 Exception <a 'java/lang/NoSuchMethodError'{0x00000000879953d8}: 'long java.lang.invoke.DirectMethodHandle$Holder.invokeSpecial(java.lang.Object, java.lang.Object)'> (0x00000000879953d8) 
thrown [s\open\src\hotspot\share\interpreter\linkResolver.cpp, line 759]
Event: 4.300 Thread 0x0000029defb519a0 Exception <a 'java/lang/NoSuchMethodError'{0x00000000879a05d8}: 'long java.lang.invoke.DirectMethodHandle$Holder.invokeStatic(java.lang.Object, java.lang.Object)'> (0x00000000879a05d8) 
thrown [s\open\src\hotspot\share\interpreter\linkResolver.cpp, line 759]
Event: 4.301 Thread 0x0000029defb519a0 Exception <a 'java/lang/NoSuchMethodError'{0x00000000879a3bd8}: 'long java.lang.invoke.DirectMethodHandle$Holder.invokeStaticInit(java.lang.Object, java.lang.Object)'> (0x00000000879a3bd8) 
thrown [s\open\src\hotspot\share\interpreter\linkResolver.cpp, line 759]
Event: 4.315 Thread 0x0000029defb519a0 Exception <a 'java/lang/NoSuchMethodError'{0x00000000879b1990}: 'long java.lang.invoke.DirectMethodHandle$Holder.invokeInterface(java.lang.Object, java.lang.Object)'> (0x00000000879b1990) 
thrown [s\open\src\hotspot\share\interpreter\linkResolver.cpp, line 759]
Event: 4.317 Thread 0x0000029defb519a0 Exception <a 'java/lang/IncompatibleClassChangeError'{0x00000000879b4f20}: Found class java.lang.Object, but interface was expected> (0x00000000879b4f20) 
thrown [s\open\src\hotspot\share\interpreter\linkResolver.cpp, line 826]
Event: 4.327 Thread 0x0000029defb519a0 Exception <a 'java/lang/NoSuchMethodError'{0x00000000879c8430}: 'java.lang.Object java.lang.invoke.DirectMethodHandle$Holder.invokeVirtual(java.lang.Object, java.lang.Object, java.lang.Object, java.lang.Object)'> (0x00000000879c8430) 
thrown [s\open\src\hotspot\share\interpreter\linkResolver.cpp, line 759]

VM Operations (20 events):
Event: 2.501 Executing VM operation: HandshakeAllThreads
Event: 2.501 Executing VM operation: HandshakeAllThreads done
Event: 2.674 Executing VM operation: HandshakeAllThreads
Event: 2.674 Executing VM operation: HandshakeAllThreads done
Event: 3.207 Executing VM operation: HandshakeAllThreads
Event: 3.207 Executing VM operation: HandshakeAllThreads done
Event: 3.207 Executing VM operation: Cleanup
Event: 3.207 Executing VM operation: Cleanup done
Event: 3.341 Executing VM operation: G1CollectForAllocation
Event: 3.348 Executing VM operation: G1CollectForAllocation done
Event: 3.718 Executing VM operation: HandshakeAllThreads
Event: 3.718 Executing VM operation: HandshakeAllThreads done
Event: 3.725 Executing VM operation: HandshakeAllThreads
Event: 3.725 Executing VM operation: HandshakeAllThreads done
Event: 3.787 Executing VM operation: HandshakeAllThreads
Event: 3.787 Executing VM operation: HandshakeAllThreads done
Event: 3.879 Executing VM operation: HandshakeAllThreads
Event: 3.879 Executing VM operation: HandshakeAllThreads done
Event: 4.331 Executing VM operation: ICBufferFull
Event: 4.332 Executing VM operation: ICBufferFull done

Events (20 events):
Event: 4.383 loading class javax/management/MalformedObjectNameException
Event: 4.383 loading class javax/management/OperationsException
Event: 4.383 loading class javax/management/OperationsException done
Event: 4.383 loading class javax/management/MalformedObjectNameException done
Event: 4.398 loading class org/xml/sax/ext/DefaultHandler2
Event: 4.398 loading class org/xml/sax/ext/LexicalHandler
Event: 4.398 loading class org/xml/sax/ext/LexicalHandler done
Event: 4.398 loading class org/xml/sax/ext/DeclHandler
Event: 4.398 loading class org/xml/sax/ext/DeclHandler done
Event: 4.398 loading class org/xml/sax/ext/EntityResolver2
Event: 4.398 loading class org/xml/sax/ext/EntityResolver2 done
Event: 4.398 loading class org/xml/sax/helpers/DefaultHandler
Event: 4.398 loading class org/xml/sax/DTDHandler
Event: 4.398 loading class org/xml/sax/DTDHandler done
Event: 4.398 loading class org/xml/sax/ContentHandler
Event: 4.398 loading class org/xml/sax/ContentHandler done
Event: 4.398 loading class org/xml/sax/helpers/DefaultHandler done
Event: 4.398 loading class org/xml/sax/ext/DefaultHandler2 done
Event: 4.399 loading class java/util/EmptyStackException
Event: 4.399 loading class java/util/EmptyStackException done


Dynamic libraries:
0x00007ff711560000 - 0x00007ff711570000 	C:\Program Files\Java\jdk-17\bin\java.exe
0x00007ffd6a3d0000 - 0x00007ffd6a5c8000 	C:\Windows\SYSTEM32\ntdll.dll
0x00007ffd69e20000 - 0x00007ffd69edd000 	C:\Windows\System32\KERNEL32.DLL
0x00007ffd67de0000 - 0x00007ffd680d6000 	C:\Windows\System32\KERNELBASE.dll
0x00007ffd67b30000 - 0x00007ffd67c30000 	C:\Windows\System32\ucrtbase.dll
0x00007ffd2f4e0000 - 0x00007ffd2f4fb000 	C:\Program Files\Java\jdk-17\bin\VCRUNTIME140.dll
0x00007ffd2e260000 - 0x00007ffd2e279000 	C:\Program Files\Java\jdk-17\bin\jli.dll
0x00007ffd6a0f0000 - 0x00007ffd6a19f000 	C:\Windows\System32\ADVAPI32.dll
0x00007ffd6a240000 - 0x00007ffd6a2de000 	C:\Windows\System32\msvcrt.dll
0x00007ffd6a1a0000 - 0x00007ffd6a23c000 	C:\Windows\System32\sechost.dll
0x00007ffd69fc0000 - 0x00007ffd6a0e6000 	C:\Windows\System32\RPCRT4.dll
0x00007ffd692a0000 - 0x00007ffd6943e000 	C:\Windows\System32\USER32.dll
0x00007ffd68200000 - 0x00007ffd68222000 	C:\Windows\System32\win32u.dll
0x00007ffd69ee0000 - 0x00007ffd69f0c000 	C:\Windows\System32\GDI32.dll
0x00007ffd680e0000 - 0x00007ffd681fa000 	C:\Windows\System32\gdi32full.dll
0x00007ffd68390000 - 0x00007ffd6842d000 	C:\Windows\System32\msvcp_win.dll
0x00007ffd4ab50000 - 0x00007ffd4adea000 	C:\Windows\WinSxS\amd64_microsoft.windows.common-controls_6595b64144ccf1df_6.0.19041.3636_none_60b6a03d71f818d5\COMCTL32.dll
0x00007ffd5c520000 - 0x00007ffd5c52a000 	C:\Windows\SYSTEM32\VERSION.dll
0x00007ffd69110000 - 0x00007ffd69140000 	C:\Windows\System32\IMM32.DLL
0x00007ffd464c0000 - 0x00007ffd464cc000 	C:\Program Files\Java\jdk-17\bin\vcruntime140_1.dll
0x00007ffd24110000 - 0x00007ffd2419e000 	C:\Program Files\Java\jdk-17\bin\msvcp140.dll
0x00007ffcf58a0000 - 0x00007ffcf6481000 	C:\Program Files\Java\jdk-17\bin\server\jvm.dll
0x00007ffd69270000 - 0x00007ffd69278000 	C:\Windows\System32\PSAPI.DLL
0x00007ffd3be50000 - 0x00007ffd3be59000 	C:\Windows\SYSTEM32\WSOCK32.dll
0x00007ffd69200000 - 0x00007ffd6926b000 	C:\Windows\System32\WS2_32.dll
0x00007ffd4cce0000 - 0x00007ffd4cd07000 	C:\Windows\SYSTEM32\WINMM.dll
0x00007ffd662c0000 - 0x00007ffd662d2000 	C:\Windows\SYSTEM32\kernel.appcore.dll
0x00007ffd300c0000 - 0x00007ffd300ca000 	C:\Program Files\Java\jdk-17\bin\jimage.dll
0x00007ffd660a0000 - 0x00007ffd66284000 	C:\Windows\SYSTEM32\DBGHELP.DLL
0x00007ffd52810000 - 0x00007ffd52844000 	C:\Windows\SYSTEM32\dbgcore.DLL
0x00007ffd67ce0000 - 0x00007ffd67d62000 	C:\Windows\System32\bcryptPrimitives.dll
0x00007ffd5b810000 - 0x00007ffd5b81e000 	C:\Program Files\Java\jdk-17\bin\instrument.dll
0x00007ffd24ac0000 - 0x00007ffd24ae5000 	C:\Program Files\Java\jdk-17\bin\java.dll
0x00007ffd24030000 - 0x00007ffd24107000 	C:\Program Files\Java\jdk-17\bin\jsvml.dll
0x00007ffd68840000 - 0x00007ffd68f85000 	C:\Windows\System32\SHELL32.dll
0x00007ffd65800000 - 0x00007ffd65f9b000 	C:\Windows\SYSTEM32\windows.storage.dll
0x00007ffd68450000 - 0x00007ffd687a4000 	C:\Windows\System32\combase.dll
0x00007ffd67410000 - 0x00007ffd6743d000 	C:\Windows\SYSTEM32\Wldp.dll
0x00007ffd6a2e0000 - 0x00007ffd6a38d000 	C:\Windows\System32\SHCORE.dll
0x00007ffd68f90000 - 0x00007ffd68fe5000 	C:\Windows\System32\shlwapi.dll
0x00007ffd679e0000 - 0x00007ffd67a05000 	C:\Windows\SYSTEM32\profapi.dll
0x00007ffd23fd0000 - 0x00007ffd23fe8000 	C:\Program Files\Java\jdk-17\bin\zip.dll
0x00007ffd24010000 - 0x00007ffd24029000 	C:\Program Files\Java\jdk-17\bin\net.dll
0x00007ffd55530000 - 0x00007ffd5563a000 	C:\Windows\SYSTEM32\WINHTTP.dll
0x00007ffd671f0000 - 0x00007ffd6725a000 	C:\Windows\system32\mswsock.dll
0x00007ffd23ff0000 - 0x00007ffd24006000 	C:\Program Files\Java\jdk-17\bin\nio.dll
0x00007ffd54330000 - 0x00007ffd5434a000 	C:\Program Files\JetBrains\IntelliJ IDEA 2023.3\bin\breakgen64.dll
0x00007ffd23f40000 - 0x00007ffd23f50000 	C:\Program Files\Java\jdk-17\bin\verify.dll
0x00007ffd5b800000 - 0x00007ffd5b80a000 	C:\Program Files\Java\jdk-17\bin\management.dll
0x00007ffd5b750000 - 0x00007ffd5b75b000 	C:\Program Files\Java\jdk-17\bin\management_ext.dll
0x00007ffcf4db0000 - 0x00007ffcf4dc7000 	C:\Windows\system32\napinsp.dll
0x00007ffcf4d90000 - 0x00007ffcf4dab000 	C:\Windows\system32\pnrpnsp.dll
0x00007ffd5ecf0000 - 0x00007ffd5ed05000 	C:\Windows\system32\wshbth.dll
0x00007ffd5f820000 - 0x00007ffd5f83d000 	C:\Windows\system32\NLAapi.dll
0x00007ffd66eb0000 - 0x00007ffd66eeb000 	C:\Windows\SYSTEM32\IPHLPAPI.DLL
0x00007ffd66ef0000 - 0x00007ffd66fba000 	C:\Windows\SYSTEM32\DNSAPI.dll
0x00007ffd69290000 - 0x00007ffd69298000 	C:\Windows\System32\NSI.dll
0x00007ffcf4d70000 - 0x00007ffcf4d82000 	C:\Windows\System32\winrnr.dll
0x00007ffd5c340000 - 0x00007ffd5c34a000 	C:\Windows\System32\rasadhlp.dll
0x00007ffd55150000 - 0x00007ffd551d0000 	C:\Windows\System32\fwpuclnt.dll
0x00007ffd67ab0000 - 0x00007ffd67ad7000 	C:\Windows\System32\bcrypt.dll

dbghelp: loaded successfully - version: 4.0.5 - missing functions: none
symbol engine: initialized successfully - sym options: 0x614 - pdb path: .;C:\Program Files\Java\jdk-17\bin;C:\Windows\SYSTEM32;C:\Windows\WinSxS\amd64_microsoft.windows.common-controls_6595b64144ccf1df_6.0.19041.3636_none_60b6a03d71f818d5;C:\Program Files\Java\jdk-17\bin\server;C:\Program Files\JetBrains\IntelliJ IDEA 2023.3\bin

VM Arguments:
jvm_args: -ea -Didea.test.cyclic.buffer.size=1048576 -javaagent:C:\Program Files\JetBrains\IntelliJ IDEA 2023.3\lib\idea_rt.jar=64429:C:\Program Files\JetBrains\IntelliJ IDEA 2023.3\bin -Dfile.encoding=UTF-8 
java_command: com.intellij.rt.junit.JUnitStarter -ideVersion5 @w@C:\Users\HP\AppData\Local\Temp\idea_working_dirs_junit.tmp @C:\Users\HP\AppData\Local\Temp\idea_junit.tmp -socket64428
java_class_path (initial): C:\Program Files\JetBrains\IntelliJ IDEA 2023.3\lib\idea_rt.jar;C:\Program Files\JetBrains\IntelliJ IDEA 2023.3\plugins\junit\lib\junit5-rt.jar;C:\Program Files\JetBrains\IntelliJ IDEA 2023.3\plugins\junit\lib\junit-rt.jar;C:\Users\HP\Desktop\recipe-app-master\server\target\test-classes;C:\Users\HP\Desktop\recipe-app-master\server\target\classes;C:\Users\HP\.m2\repository\org\springframework\boot\spring-boot-starter-data-jpa\2.1.3.RELEASE\spring-boot-starter-data-jpa-2.1.3.RELEASE.jar;C:\Users\HP\.m2\repository\org\springframework\boot\spring-boot-starter-aop\2.1.3.RELEASE\spring-boot-starter-aop-2.1.3.RELEASE.jar;C:\Users\HP\.m2\repository\org\springframework\spring-aop\5.1.5.RELEASE\spring-aop-5.1.5.RELEASE.jar;C:\Users\HP\.m2\repository\org\aspectj\aspectjweaver\1.9.2\aspectjweaver-1.9.2.jar;C:\Users\HP\.m2\repository\org\springframework\boot\spring-boot-starter-jdbc\2.1.3.RELEASE\spring-boot-starter-jdbc-2.1.3.RELEASE.jar;C:\Users\HP\.m2\repository\com\zaxxer\HikariCP\3.2.0\HikariCP-3.2.0.jar;C:\Users\HP\.m2\repository\org\springframework\spring-jdbc\5.1.5.RELEASE\spring-jdbc-5.1.5.RELEASE.jar;C:\Users\HP\.m2\repository\javax\transaction\javax.transaction-api\1.3\javax.transaction-api-1.3.jar;C:\Users\HP\.m2\repository\javax\xml\bind\jaxb-api\2.3.1\jaxb-api-2.3.1.jar;C:\Users\HP\.m2\repository\javax\activation\javax.activation-api\1.2.0\javax.activation-api-1.2.0.jar;C:\Users\HP\.m2\repository\org\hibernate\hibernate-core\5.3.7.Final\hibernate-core-5.3.7.Final.jar;C:\Users\HP\.m2\repository\org\jboss\logging\jboss-logging\3.3.2.Final\jboss-logging-3.3.2.Final.jar;C:\Users\HP\.m2\repository\javax\persistence\javax.persistence-api\2.2\javax.persistence-api-2.2.jar;C:\Users\HP\.m2\repository\org\javassist\javassist\3.23.1-GA\javassist-3.23.1-GA.jar;C:\Users\HP\.m2\repository\net\bytebuddy\byte-buddy\1.9.10\byte-buddy-1.9.10.jar;C:\Users\HP\.m2\repository\antlr\antlr\2.7.7\antlr-2.7.7.jar;C:\Users\HP\.m2\repository\org\jboss\jandex\2.0.5
Launcher Type: SUN_STANDARD

[Global flags]
     intx CICompilerCount                          = 3                                         {product} {ergonomic}
     uint ConcGCThreads                            = 1                                         {product} {ergonomic}
     uint G1ConcRefinementThreads                  = 4                                         {product} {ergonomic}
   size_t G1HeapRegionSize                         = 1048576                                   {product} {ergonomic}
    uintx GCDrainStackTargetSize                   = 64                                        {product} {ergonomic}
   size_t InitialHeapSize                          = 134217728                                 {product} {ergonomic}
   size_t MarkStackSize                            = 4194304                                   {product} {ergonomic}
   size_t MaxHeapSize                              = 2116026368                                {product} {ergonomic}
   size_t MaxNewSize                               = 1268776960                                {product} {ergonomic}
   size_t MinHeapDeltaBytes                        = 1048576                                   {product} {ergonomic}
   size_t MinHeapSize                              = 8388608                                   {product} {ergonomic}
    uintx NonNMethodCodeHeapSize                   = 5832780                                {pd product} {ergonomic}
    uintx NonProfiledCodeHeapSize                  = 122912730                              {pd product} {ergonomic}
    uintx ProfiledCodeHeapSize                     = 122912730                              {pd product} {ergonomic}
    uintx ReservedCodeCacheSize                    = 251658240                              {pd product} {ergonomic}
     bool SegmentedCodeCache                       = true                                      {product} {ergonomic}
   size_t SoftMaxHeapSize                          = 2116026368                             {manageable} {ergonomic}
     bool UseCompressedClassPointers               = true                           {product lp64_product} {ergonomic}
     bool UseCompressedOops                        = true                           {product lp64_product} {ergonomic}
     bool UseG1GC                                  = true                                      {product} {ergonomic}
     bool UseLargePagesIndividualAllocation        = false                                  {pd product} {ergonomic}

Logging:
Log output configuration:
 #0: stdout all=warning uptime,level,tags
 #1: stderr all=off uptime,level,tags

Environment Variables:
JAVA_HOME=C:\Users\HP\Downloads\jdk-17_windows-x64_bin\jdk-17.0.9
PATH=C:\Program Files\Java\jdk-17\bin;C:\Program Files (x86)\Common Files\Oracle\Java\javapath;C:\sonar\sonarscanner\bin;C:\Program Files\Microsoft MPI\Bin\;C:\Program Files (x86)\Amazon Corretto\jdk1.8.0_292\bin;C:\Program Files (x86)\AdoptOpenJDK\jdk-8.0.292.10-hotspot\bin;C:\Windows\system32;C:\Windows;C:\Windows\System32\Wbem;C:\Windows\System32\WindowsPowerShell\v1.0\;C:\Windows\System32\OpenSSH\;C:\Program Files (x86)\Intel\Intel(R) Management Engine Components\DAL;C:\Program Files\Intel\Intel(R) Management Engine Components\DAL;C:\Program Files\Microsoft\Web Platform Installer\;C:\Program Files\Microsoft SQL Server\Client SDK\ODBC\130\Tools\Binn\;C:\Program Files (x86)\Microsoft SQL Server\140\Tools\Binn\;C:\Program Files\Microsoft SQL Server\140\Tools\Binn\;C:\Program Files\Microsoft SQL Server\140\DTS\Binn\;C:\Program Files\Microsoft SQL Server\130\Tools\Binn\;C:\Program Files\Azure Data Studio\bin;C:\Program Files\Microsoft SQL Server\150\Tools\Binn\;C:\Program Files\Microsoft SQL Server\Client SDK\ODBC\170\Tools\Binn\;C:\wamp64\bin\php\php8.1.13;C:\Program Files\nodejs\;C:\Program Files\Git\cmd;C:\Program Files (x86)\Windows Kits\10\Windows Performance Toolkit\;C:\Users\HP\AppData\Roaming\npm;C:\Users\HP\AppData\Local\Pub\Cache\bin;C:\Program Files\Docker\Docker\resources\bin;C:\Users\HP\Downloads\consul_1.17.1_windows_amd64;C:\Program Files\Java\jdk-17\bin;C:\Program Files\MySQL\MySQL Shell 8.0\bin\;C:\Users\HP\AppData\Local\Microsoft\WindowsApps;C:\Program Files\Azure Data Studio\bin;C:\Users\HP\.dotnet\tools;C:\Program Files\Azure Data Studio\bin;C:\sqlite3;C:\Program Files\JetBrains\PyCharm Community Edition 2022.1.1\bin;;C:\Users\HP\AppData\Roaming\Composer\vendor\bin;C:\Users\HP\AppData\Roaming\npm;C:\src\flutter\bin;C:\Users\HP\AppData\Local\Programs\Microsoft VS Code\bin;C:\Program Files (x86)\Java\jre-1.8\bin;;C:\Program Files\JetBrains\IntelliJ IDEA 2023.3\bin;
USERNAME=HP
OS=Windows_NT
PROCESSOR_IDENTIFIER=Intel64 Family 6 Model 78 Stepping 3, GenuineIntel



---------------  S Y S T E M  ---------------

OS:
 Windows 10 , 64 bit Build 19041 (10.0.19041.3636)
OS uptime: 0 days 0:09 hours
Hyper-V role detected

CPU: total 4 (initial active 4) (2 cores per cpu, 2 threads per core) family 6 model 78 stepping 3 microcode 0xcc, cx8, cmov, fxsr, ht, mmx, 3dnowpref, sse, sse2, sse3, ssse3, sse4.1, sse4.2, popcnt, lzcnt, tsc, tscinvbit, avx, avx2, aes, erms, clmul, bmi1, bmi2, rtm, adx, fma, vzeroupper, clflush, clflushopt, hv

Memory: 4k page, system-wide physical 8071M (1874M free)
TotalPageFile size 11029M (AvailPageFile size 3M)
current process WorkingSet (physical memory assigned to process): 136M, peak: 136M
current process commit charge ("private bytes"): 252M, peak: 252M

vm_info: Java HotSpot(TM) 64-Bit Server VM (17.0.9+11-LTS-201) for windows-amd64 JRE (17.0.9+11-LTS-201), built on Oct 10 2023 23:16:06 by "mach5one" with MS VC++ 17.1 (VS2022)

END.
